[   0000] Initializing  cgroup subsys cpuset
[    0.000000] Initializing cgroup ubs cpu
[    0.000000] Initializing cgroup subsys cpuacct
[    0.000000] Linux version 4.4.0-146-generic (buid@lcy01-amd64-025) (gcc version .4.0 20160609 (Ubuntu 5.4.0-6ubuntu1~16.04.10) ) #172-Ubuntu SMP Wed Apr 3 09:00:08 UTC 2019 (Ubuntu 4.4.0-146.172-generic 4.4.177)
[    0.000000] Command line: BOOT_IMAGE=/boot/vmlinuz-4.4.0-146-generi rt=LABEL=cloudimg-rootfs ro conle=tty1 console=ttyS0
[    0.000000] KERNEL supported cpus:
[    0.000000]   Intel GenuineIntel
[    0.000000]   AMD AuthenticAMD
[    0.000000]   Centaur CentaurHauls
[    0.000000] x86/fpu: xstat_offset[2]:  576, xstate_sizes[2]:  256
[    0.000000] x86/fpu: Supporting XSAVE feature 0x01: 'x87 flating point registters'
[    0.000000] 86/fpu: Supporting XVE feature 0x02: 'SSE registers'
[    0.000000] x86/fpu: Supporting XSAVE feature 0x04: 'AVX registers'
[    0.000000] x86/fpu: Enabled xstate features 0x7, context size is 832 bytes, using 'standard' format.
[    0.000000] e820: BIOS-provided physical RAM map:
[    0.000000] BIOS-e820: [mem 0x0000000000000000-0x000000000009fbff] usable
[    0.000000] BIOS-e820: [mem 0x000000000009fc00-0x000000000009ffff] reserved
[    0.000000] BIOS-e820: [mem 0x00000000000f0000-0x00000000000fffff] reserved
[    0.000000] BIOS-e820: [mem 0x0000000000100000-0x000000007ffeffff] usable
[    0.000000] BIOS-e820: [mem 0x000000007fff0000-0x000000007fffffff] ACPI data
[    0.000000] BIOS-e820: [mem 0x00000000fec00000-0x00000000fec00fff] reserved
[    0.000000] BIOS-e820: [mem 0x00000000fee00000-0x00000000fee00fff] reserved
[    0.000000] BIOS-e820: [mem 0x00000000fffc0000-0x00000000ffffffff] resered[    0.000000] NX (Execute Disable) protection: active
[    0.000000] SMBIOS 2.5 present.
[    0.000000] Hypervisor detected: KVM
[    0.000000] e820: last_pfn = 0x7fff0 max_arch_pfn = 0x400000000
[    0.000000] MTRR: Disabled
[    0.000000] x86/PAT: MTRRs disabled, skipping PAT initialization too.
[    0.000000] CPU MTRRs all blank - virtualized system.
[    0.000000] x86/PAT: Configuration [0-7]: WB  WT  UC- UC  WB  WT  UC- UC  
[    0.000000] found SMP MP-table at [mem 0x0009fff0-0x0009ffff] mapped at [ffff88000009fff0]
[    0.000000] Scanning 1 areas for low memory corruption
[    0.000000] RAMDISK: [mem 0x362fa000-0x37174fff]
[    0.000000] ACPI: Early table checksum verification disabled
[    0.000000] ACPI: RSDP 0x00000000000E0000 000024 (v02 VBOX  )
[    0.000000] ACPI: XSDT 0x000000007FFF0030 00003C (v01 VBOX   VBOXXSDT 00000001 ASL  00000061)
[    0.000000] ACPI: FACP 0x000000007FFF00F0 0000F4 (v04 VBOX   VBOXFACP 00000001 ASL  00000061)
[    0.000000] ACPI: DSDT 0x000000007FFF0470 0021FF (v02 VBOX   VBOXBIOS 00000002 INTL 20100528)
[    0.000000] ACPI: FACS 0x000000007FFF0200 000040
[    0.000000] ACPI: FACS 0x000000007FFF0200 000040
[    0.000000] ACPI: APIC 0x000000007FFF0240 00005C (v02 VBOX   VBOXAPIC 00000001 ASL  00000061)
[    0.000000] ACPI: SSDT 0x000000007FFF02A0 0001CC (v01 VBOX   VBOXCPUT 00000002 INTL 20100528)
[    0.000000] No NUMA configuration found
[    0.000000] Faking a node at [mem 0x0000000000000000-0x000000007ffeffff]
[    0.000000] NODE_DATA(0) allocated [mem 0x7ffeb000-0x7ffeffff]
[    0.000000] kvm-clock: Using msrs 4b564d01 and 4b564d00
[    0.000000] kvm-clock: cpu 0, msr 0:7ffe3001, primary cpu clock
[    0.000000] kvm-clock: using sched offset of 3593453258 cycles
[    0.000000] clocksource: kvm-clock: mask: 0xffffffffffffffff max_cycles: 0x1cd42e4dffb, max_idle_ns: 881590591483 ns
[    0.000000] Zone ranges:
[    0.000000]   DMA      [mem 0x0000000000001000-0x0000000000ffffff]
[    0.000000]   DMA32    [mem 0x0000000001000000-0x000000007ffeffff]
[    0.000000]   Normal   empty
[    0.000000]   Device   empty
[    0.000000] Movable zone start for each node
[    0.000000] Early memory node ranges
[    0.000000]   node   0: [mem 0x0000000000001000-0x000000000009efff]
[    0.000000]   node   0: [mem 0x0000000000100000-0x000000007ffeffff]
[    0.000000] Initmem setup node 0 [mem 0x0000000000001000-0x000000007ffeffff]
[    0.000000] ACPI: PM-Timer IO Port: 0x4008
[    0.000000] IOAPIC[0]: apic_id 2, version 32, address 0xfec00000, GSI 0-23
[    0.000000] ACPI: INT_SRC_OVR (bus 0 bus_irq 0 global_irq 2 dfl dfl)
[    0.000000] ACPI: INT_SRC_OVR (bus 0 bus_irq 9 global_irq 9 low level)
[    0.000000] Using ACPI (MADT) for SMP configuration information
[    0.000000] smpboot: Allowing 2 CPUs, 0 hotplug CPUs
[    0.000000] PM: Registered nosave memory: [mem 0x00000000-0x00000fff]
[    0.000000] PM: Registered nosave memory: [mem 0x0009f000-0x0009ffff]
[    0.000000] PM: Registered nosave memory: [mem 0x000a0000-0x000effff]
[    0.000000] PM: Registered nosave memory: [mem 0x000f0000-0x000fffff]
[    0.000000] e820: [mem 0x80000000-0xfebfffff] available for PCI devices
[    0.000000] Booting paravirtualized kernel on KVM
[    0.000000] clocksource: refined-jiffies: mask: 0xffffffff max_cycles: 0xffffffff, max_idle_ns: 7645519600211568 ns
[    0.000000] setup_percpu: NR_CPUS:512 nr_cpumask_bits:512 nr_cpu_ids:2 nr_node_ids:1
[    0.000000] PERCPU: Embedded 34 pages/cpu @ffff88007fc00000 s99480 r8192 d31592 u1048576
[    0.000000] Built 1 zonelists in Node order, mobility grouping on.  Total pages: 515960
[    0.000000] Policy zone: DA32
[    0.000000] Kernel command line: BOOT_IMAGE=/boot/vmlinuz-4.4.0-146-generic root=LABEL=cloudimg-rootfs ro console=tty1 console=ttyS0
[    0.000000] PID hash table entries: 4096 (order: 3, 32768 bytes)
[    0.000000] Memory: 2029924K/2096696K available (8609K kernel code, 1334K rwdata, 4028K rodata, 1484K init, 1284K bss, 66772K reserved, 0K cma-reserved)
[    0.000000] SLUB: HWalign=64, Order=0-3, MinObjects=0, CPUs=2, Nodes=1
[    0.000000] Kernel/User page tables isolation: enabled
[    0.000000] Hierarchical RCU implementation.
[    0.000000] 	Build-time adjustment of leaf fanout to 64.
[    0.000000] 	RCU restricting CPUs from NR_CPUS=512 to nr_cpu_ids=2.
[    0.000000] RCU: Adjusting geometry for rcu_fanout_leaf=64, nr_cpu_ids=2
[    0.000000] NR_IRQS:33024 nr_irqs:440 16
[    0.000000] Console: colour VGA+ 80x25
[    0.000000] console [tty1] enabled
[    0.000000] console [ttyS0] enabled
[    0.000000] tsc: Detected 2496.002 MHprocessor
[    0.843123] Calibrating delay loop (skipped) preset value.. 4992.00 BogoMIPS (lpj=9984008)
[    0.844860] pid_max: default: 32768 minimum: 301
[    0.845745] ACPI: Core revision 20150930
[    0.859904] ACPI: 2 ACPI AML tables successfully acquired and loaded
[    0.861274] Security Framework initialized
[    0.868315] Yama: becoming mindful.
[    0.869085] AppArmor: AppArmor initialized
[    0.881735] Dentry cache hash table entries: 262144 (order: 9, 2097152 bytes)
[    0.883418] Inode-cache hash table entries: 131072 (order: 8, 1048576 bytes)
[    0.889621] Mount-cache hash table entries: 4096 (order: 3, 32768 bytes)
[    0.890834] Mountpoint-cache hash table entries: 4096 (order: 3, 32768 bytes)
[    0.892635] Initializing cgroup subsys io
[    0.894976] Initializing cgroup subsys memory
[    0.896140] Initializing cgroup subsys devices
[    0.897291] Initializing cgroup subsys freezer
[    0.898372] Initializing cgroup subsys net_cls
[    0.899475] Initializing cgroup subsys perf_event
[    0.900909] Initializing cgroup subsys net_prio
[    0.902173] Initializing cgroup subsys hugetlb
[    0.903292] Initializing cgroup subsys pids
[    0.905488] mce: CPU supports 0 MCE banks
[    0.906421] Last level iTLB entries: 4KB 64, 2MB 8, 4MB 8
[    0.907483] Last level dTLB entries: 4KB 64, 2MB 0, 4MB 0, 1GB 4
[    0.908933] Spectre V2 : Mitigation: Full generic retpoline
[    0.910252] Spectre V2 : Spectre v2 / SpectreRSB mitigation: Filling RSB on context switch
[    0.912105] Speculative Store Bypass: Vulnerable
[    0.916229] Freeing SMP alternatives memory: 36K
[    0.924254] ftrace: allocating 32287 entries in 127 pages
[    0.991460] smpboot: APIC(0) Converting physical 0 to logical package 0
[    0.992794] smpboot: Max logical packages: 1
[    0.994178] x2apic enabled
[    0.995345] Switched APIC routing to physical x2apic.
[    0.997544] ..TIMER: vector=0x30 apic1=0 pin1=2 apic2=-1 pin2=-1
[    1.106554] smpboot: CPU0: Intel(R) Core(TM) i5-6300U CPU @ 2.40GHz (family: 0x6, model: 0x4e, stepping: 0x3)
[    1.115324] Performance Events: unsupported p6 CPU model 78 no PMU driver, software events only.
[    1.140897] KVM setup paravirtual spinlock
[    1.152889] x86: Booting SMP configuration:
[    1.160316] .... node  #0, CPUs:      #1
[    1.181234] kvm-clock: cpu 1, msr 0:7ffe3041, secondary cpu clock
[    1.183904] mce: CPU supports 0 MCE banks
[    1.186514] x86: Booted up 1 node, 2 CPUs
[    1.187792] smpboot: Total of 2 processors activated (9984.00 BogoMIPS)
[    1.204424] devtmpfs: initialized
[    1.213589] evm: security.selinux
[    1.214400] evm: security.SMACK64
[    1.231961] evm: security.SMACK64EXEC
[    1.239169] evm: security.SMACK64TRANSMUTE
[    1.240049] evm: security.SMACK64MMAP
[    1.240912] evm: security.ima
[    1.241602] evm: security.capability
[    1.242666] clocksource: jiffies: mask: 0xffffffff max_cycles: 0xffffffff, max_idle_ns: 7645041785100000 ns
[    1.248415] futex hash table entries: 512 (order: 3, 32768 bytes)
[    1.250013] pinctrl core: initialized pinctrl subsystem
[    1.251433] RTC time:  8:23:10, date: 06/17/19
[    1.260733] NET: Registered protocol family 16
[    1.272051] cpuidle: using governor ladder
[    1.288071] cpuidle: using governor menu
[    1.295885] PCCT header not found.
[    1.309891] ACPI: bus type PCI registered
[    1.316769] acpiphp: ACPI Hot Plug PCI Controller Driver version: 0.5
[    1.331411] PCI: Using configuration type 1 for base access
[    1.352799] ACPI: Added _OSI(Module Device)
[    1.357481] ACPI: Added _OSI(Processor Device)
[    1.371145] ACPI: Added _OSI(3.0 _SCP Extensions)
[    1.391617] ACPI: Added _OSI(Processor Aggregator Device)
[    1.409085] ACPI: Executed 1 blocks of module-level executable AML code
[    1.432143] ACPI: Interpreter enabled
[    1.446483] ACPI: (supports S0 S5)
[    1.462997] ACPI: Using IOAPIC for interrupt routing
[    1.464446] PCI: Using host bridge windows from ACPI; if necessary, use "pci=nocrs" and report a bug
[    1.485211] ACPI: PCI Root Bridge [PCI0] (domain 0000 [bus 00-ff])
[    1.488618] acpi PNP0A03:00: _OSC: OS supports [ASPM ClockPM Segments MSI]
[    1.490491] acpi PNP0A03:00: _OSC: not requesting OS control; OS requires [ExtendedConfig ASPM ClockPM MSI]
[    1.493200] acpi PNP0A03:00: fail to add MMCONFIG information, can't access extended PCI configuration space under this bridge.
[    1.496942] PCI host bridge to bus 0000:00
[    1.511665] pci_bus 0000:00: root bus resource [io  0x0000-0x0cf7 window]
[    1.513269] pci_bus 0000:00: root bus resource [io  0x0d00-0xffff window]
[    1.523688] pci_bus 0000:00: root bus resource [mem 0x000a0000-0x000bffff window]
[    1.548433] pci_bus 0000:00: root bus resource [mem 0x80000000-0xfdffffff window]
[    1.553425] pci_bus 0000:00: root bus resource [bus 00-ff]
[    1.563207] pci 0000:00:01.1: legacy IDE quirk: reg 0x10: [io  0x01f0-0x01f7]
[    1.571437] pci 0000:00:01.1: legacy IDE quirk: reg 0x14: [io  0x03f6]
[    1.579993] pci 0000:00:01.1: legacy IDE quirk: reg 0x18: [io  0x0170-0x0177]
[    1.581617] pci 0000:00:01.1: legacy IDE quirk: reg 0x1c: [io  0x0376]
[    1.608291] pci 0000:00:07.0: quirk: [io  0x4000-0x403f] claimed by PIIX4 ACPI
[    1.616924] pci 0000:00:07.0: quirk: [io  0x4100-0x410f] claimed by PIIX4 SMB
[    1.647862] ACPI: PCI Interrupt Link [LNKA] (IRQs 5 9 10 *11)
[    1.650288] ACPI: PCI Interrupt Link [LNKB] (IRQs 5 9 *10 11)
[    1.652371] ACPI: PCI Interrupt Link [LNKC] (IRQs 5 *9 10 11)
[    1.661494] ACPI: PCI Interrupt Link [LNKD] (IRQs 5 9 10 *11)
[    1.670858] ACPI: Enabled 2 GPEs in block 00 to 07
[    1.672819] vgaarb: setting as boot device: PCI:0000:00:02.0
[    1.674310] vgaarb: device added: PCI:0000:00:02.0,decodes=io+mem,owns=io+mem,locks=none
[    1.676321] vgaarb: loaded
[    1.676966] vgaarb: bridge control possible 0000:00:02.0
[    1.688591] SCSI subsystem initialized
[    1.701368] ACPI: bus type USB registered
[    1.702244] usbcore: registered new interface driver usbfs
[    1.707841] usbcore: registered new interface driver hub
[    1.721800] usbcore: registered new device driver usb
[    1.723360] PCI: Using ACPI for IRQ routing
[    1.737479] NetLabel: Initializing
[    1.744932] NetLabel:  domain hash size = 128
[    1.755766] NetLabel:  protocols = UNLABELED CIPSOv4
[    1.767760] NetLabel:  unlabeled traffic allowed by default
[    1.776212] amd_nb: Cannot enumerate AMD northbridges
[    1.790358] clocksource: Switched to clocksource kvm-clock
[  1.543] AppArmor: AppArmor Filesystem Enabled
[    1.930864] pnp: PnP ACPI init
[  132457] pnp: PnP ACPI: found 3 devices

[    2.05415 clocksource: acpi_pm: mask: 0xffffff max_cycles: 0xffffff, max_idle_ns: 2085701024 ns
[    2.108888] NET: Registered protocol family 2

[    2.109906] TCP established hash table entries: 16384 (order: 5, 131072 bytes)
[    2.111805] TCP bind hash table entries: 16384 (order: 6, 262144 bytes)
[    2.113082] TCP: Hash tables configured (established 16384 bind 16384)
[    2.114353] UDP hash table entries: 1024 (order: 3, 32768 bytes)
[    2.115606] UDP-Lite hash table entries: 1024 (orr: 3, 32768 bytes)
[    2.169589] NET: Registered protocol family 1
[   2.170 p 0000:0:0.0: Litg re PCI/PCI transfers
[    2.604308] pci 0000:00:01.0: Activating ISA DMA hang workarounds
[    2.605614] Unpacking initramfs...

[    2.912287] Freeing initrd memory: 14828K
[    2.961160] platform rtc_cmos: registered platform RTC device (no PNP device found)
[    3.017461] Scanning for low memory corruption every 60 seconds
[    3.059224] audit: initializing netlink subsys (disabled)
[    3.087757] audit: type=2000 audit(1560759796.312:1): initialized
[    3.095784] Initialise system trusted keyring
[    3.097271] HugeTLB registered 2 MB page size, pre-allocated 0 pages
[    3.109248] zbud: loaded
[    3.110702] VFS: Disk quotas dquot_6.6.0
[    3.111787] VFS: Dquot-cache hash table entries: 512 (order 0, 4096 bytes)
[    3.114136] squashfs: version 4.0 (2009/01/31) Phillip Lougher
[    3.116230] fuse init (API version 7.23)
[    3.117561] Key type big_key registered
[    3.118677] Allocating IMA MOK and blacklist keyrings.
[    3.121202] Key type asymmetric registered
[    3.122240] Asymmetric key parser 'x509' registered
[    3.123532] Block layer SCSI generic (bsg) driver version 0.4 loaded (major 249)
[    3.125438] io scheduler noop registered
[    3.126630] io scheduler deadline registered (default)
[    3.134219] io scheduler cfq registered
[    3.135673] pci_hotplug: PCI Hot Plug PCI Core version: 0.5
[    3.137350] pciehp: PCI Express Hot Plug Controller Driver version: 0.4
[    3.139263] ACPI: AC Adapter [AC] (on-line)
[    3.140439] input: Power Button as /devices/LNXSYSTM:00/LNXPWRBN:00/input/input0
[    3.142830] ACPI: Power Button [PWRF]
[    3.156441] input: Sleep Button as /devices/LNXSYSTM:00/LNXSLPBN:00/input/input1
[    3.159050] ACPI: Sleep Button [SLPF]
[    3.160334] GHES: HEST is not enabled!
[    3.161232] ACPI: Battery Slot [BAT0] (battery present)
[    3.169503] Serial: 8250/16550 driver, 32 ports, IRQ sharing enabled
[    3.193584] 00:02: ttyS0 at I/O 0x3f8 (irq = 4, base_baud = 115200) is a 16550A
[    3.207388] Linux agpgart interface v0.103
[    3.214181] loop: module loaded
[    3.215761] scsi host0: ata_piix
[    3.223284] scsi host1: ata_pii
[    3.256755] ata1: PATA max UDA/33 cmd 0x1f0 ctl 0x3f6 bmdma 0xd000 irq 14
[    3.285052] ata2: PATA max UDMA/33 cmd 0x170 ctl 0x376 bmdma 0xd008 irq 15

[    3.286430] libphy: Fixed MDIO Bus: probed
[    3.287412] tun: Universal TUN/TAP device driver, 1.6
[  3.295535] tun: (C) 1999-2004 Max Krasnyansky <maxk@qualcomm.com>

[    3.347548] PPP generic driver version 2.4.2
[    3.348684] ehci_hcd: USB 2.0 'Enhanced' Host Controller (EHCI) Driver
[    3.349890] ehci-pci: EHCI PCI platform driver
[    3.366560] ehci-platform: EHCI generic platform driver
[    3.383037] ohci_hcd: USB 1.1 'Open' Host Controller (OHCI) Driver
[    3.390582] ohci-pci: OHCI PCI platform driver
[    3.391745] ohci-platform: OHCI generic platform driver
[    3.399060] uhci_hcd: USB Universal Host Controller Interface driver
[    3.411297] i8042: PNP: PS/2 Controller [PNP0303:PS2K,PNP0f03:PS2M] at 0x60,0x64 irq 1,12
[    3.424241] serio: i8042 KBD port at 0x60,0x64 irq 1
[    3.425662] serio: i8042 AUX port at 0x60,0x64 irq 12
[    3.436124] mousedev: PS/2 mouse device common for all mice
[    3.444716] input: AT Translated Set 2 keyboard as /devices/platform/i8042/serio0/input/input2
[    3.447334] rtc_cmos rtc_cmos: rtc core: registered rtc_cmos as rtc0
[    3.454975] rtc_costc_cmos: alarms up to one day, 114 bytes nvram
[    3.545518] i2c /dev entries driver
[    3.547165] device-mapper: uevent: version 1.0.3

[    3.549103] device-mapper: ioctl: 4.34.0-ioctl (2015-10-28) initialised: dm-devel@redhat.com
[    3.551409] ledtrig-cpu: registered to indicate activity on CPUs
[    3.553667] NET: Registered protocol family 10
[    3.555627] NET: Registered protocol family 17
[    3.556785] Key type dns_resolver registered
[    3.558542] registered taskstats version 1
[    3.559642] Loading compiled-in X.509 certificates
[    3.568170] Loaded X.509 cert 'Build time autogenerated kernel key: 4dcb2dc2c7cf43e0c20c44384f68683c20294489'
[    3.571178] zswap: loaded using pool lzo/zbud
[    3.581052] Key type trusted registered
[    3.587261] Key type encrypted registered
[    3.588417] AppArmor: AppArmor sha1 policy hashing enabled
[    3.596041] ima: No TPM chip found, activating TPM-bypass!
[    3.597494] ima: Allocated hash algorithm: sha1
[    3.598683] evm: HMAC attrs: 0x1
[    3.600190]   Magic number: 7:945:371
[    3.601972] rtc_cmos rtc_cmos: setting system clock to 2019-06-17 08:23:13 UTC (1560759793)
[    3.604790] BIOS EDD facility v0.16 2004-Jun-25, 0 devices found
[    3.605988] EDD information not available.
[    3.608372] Freeing unused kernel memory: 1484K
[    3.622830] Write protecting the kernel read-only data: 14336k
[    3.624657] Freeing unused kernel memory: 1620K
[    3.625777] Freeing unused kernel memory: 68K
Loading, please wait...
starting version 229
[    3.638599] random: systemd-udevd: uninitialized urandom read (16 bytes read, 3 bits of entropy available)
[    3.638694] random: udevadm: uninitialized urandom read (16 bytes read, 3 bits of entropy available)
[    3.638717] random: udevadm: uninitialized urandom read (16 bytes read, 3 bits of entropy available)
[    3.646841] random: udevadm: uninitialized urandom read (16 bytes read, 3 bits of entropy available)
[    3.646909] random: udevadm: uninitialized urandom read (16 bytes read, 3 bits of entropy available)
[    3.647090] random: udevadm: uninitialized urandom read (16 bytes read, 3 bits of entropy available)
[    3.647165] random: udevadm: uninitialized urandom read (16 bytes read, 3 bits of entropy available)
[    3.647227] random: udevadm: uninitialized urandom read (16 bytes read, 3 bits of entropy available)
[    3.647286] random: udevadm: uninitialized urandom read (16 bytes read, 3 bits of entropy available)
[    3.647343] random: udevadm: uninitialized urandom read (16 bytes read, 3 bits of entropy available)
[    3.706303] e1000: Intel(R) PRO/1000 Network Driver - version 7.3.21-k8-NAPI
[    3.708382] e1000: Copyright (c) 1999-2006 Intel Corporation.
[    3.709793] Fusion MPT base driver 3.04.20
[    3.710877] Copyright (c) 1999-2008 LSI Corporation
[    3.715507] Fusion MPT SPI Host driver 3.04.20
[    3.736671] AVX2 version of gcm_enc/dec engaged.
[    3.744713] AES CTR mode by8 optimization enabled
[    3.930784] input: ImExPS/2 Generic Explorer Mouse as /devices/platform/i8042/serio1/input/input4
[    3.961374] tsc: Refined TSC clocksource calibration: 2495.567 MHz
[    3.968363] clocksource: tsc: mask: 0xffffffffffffffff max_cycles: 0x23f8de4ef33, max_idle_ns: 440795304336 ns
[    4.087437] e1000 0000:00:03.0 eth0: (PCI:33MHz:32-bit) 02:3a:f4:24:e2:72
[    4.110969] e1000 0000:00:03.0 eth0: Intel(R) PRO/1000 Network Connection
[    4.113737] mptbase: ioc0: Initiating bringup
[    4.195066] ioc0: LSI53C1030 A0: Capabilities={Initiator}
[    4.368274] scsi host2: ioc0: LSI53C1030 A0, FwRev=00000000h, Ports=1, MaxQ=256, IRQ=20
[    4.479059] scsi 2:0:0:0: Direct-Access     VBOX     HARDDISK         1.0  PQ: 0 ANSI: 5
[    4.586989] scsi target2:0:0: Beginning Domain Validation
[    4.633770] scsi target2:0:0: Domain Validation skipping write tests
[    4.642330] scsi target2:0:0: Ending Domain Validation
[    4.646531] scsi target2:0:0: asynchronous
[    4.648014] scsi 2:0:1:0: Direct-Access     VBOX     HARDDISK         1.0  PQ: 0 ANSI: 5
[    4.650000] scsi target2:0:1: Beginning Domain Validation
[    4.652047] scsi target2:0:1: Domain Validation skipping write tests
[    4.653481] scsi target2:0:1: Ending Domain Validation
[    4.654927] scsi target2:0:1: asynchronous
[    4.675365] sd 2:0:0:0: Attached scsi generic sg0 type 0
[    4.676658] sd 2:0:0:0: [sda] 20971520 512-byte logical blocks: (10.7 GB/10.0 GiB)
[    4.696249] sd 2:0:1:0: Attached scsi generic sg1 type 0
[    4.698020] sd 2:0:1:0: [sdb] 20480 512-byte logical blocks: (10.5 MB/10.0 MiB)
[    4.699922] sd 2:0:0:0: [sda] Write Protect is off
[    4.701165] sd 2:0:1:0: [sdb] Write Protect is off
[    4.702576] sd 2:0:1:0: [sdb] Incomplete mode parameter data
[    4.703811] sd 2:0:1:0: [sdb] Assuming drive cache: write through
[    4.704950] sd 2:0:0:0: [sda] Incomplete mode parameter data
[    4.706134] sd 2:0:0:0: [sda] Assuming drive cache: write through
[    4.715284]  sda: sda1
[    4.716984] sd 2:0:1:0: [sdb] Attached SCSI disk
[    4.723884] sd 2:0:0:0: [sda] Attached SCSI disk
[    4.995069] e1000 0000:00:08.0 eth1: (PCI:33MHz:32-bit) 08:00:27:a3:89:75
[    5.063761] e1000 0000:00:08.0 eth1: Intel(R) PRO/1000 Network Connection
[    5.101865] e1000 0000:00:03.0 enp0s3: renamed from eth0
[    5.127386] e1000 0000:00:08.0 enp0s8: renamed from eth1
Begin: Loading essential drivers[    6.543784] md: linear personality registered for level -1
 ... [    6.548060] md: multipath personality registered for level -4
[    6.573223] md: raid0 personality registered for level 0
[    6.614144] md: raid1 personality registered for level 1
[    6.698370] raid6: sse2x1   gen()  9039 MB/s
[    6.770510] raid6: sse2x1   xor()  7246 MB/s
[    6.858403] raid6: sse2x2   gen() 11569 MB/s
[    6.934456] raid6: sse2x2   xor()  7731 MB/s
[    7.014527] raid6: sse2x4   gen() 13095 MB/s
[    7.082850] raid6: sse2x4   xor()  8899 MB/s
[    7.150383] raid6: avx2x1   gen() 19118 MB/s
[    7.266480] raid6: avx2x2   gen() 22077 MB/s
[    7.342674] raid6: avx2x4   gen() 22849 MB/s
[    7.371831] raid6: using algorithm avx2x4 gen() 22849 MB/s
[    7.409746] raid6: using avx2x2 recovery algorithm
[    7.412575] xor: automatically using best checksumming function:
[    7.451002]    avx       : 22778.000 MB/sec
[    7.487262] async_tx: api initialized (async)
[    7.498019] md: raid6 personality registered for level 6
[    7.499434] md: raid5 personality registered for level 5
[    7.508022] md: raid4 personality registered for level 4
[    7.537841] md: raid10 personality registered for level 10
done.
Begin: Running /scripts/init-premount ... done.
Begin: Mounting root file system ... Begin: Running /scripts/local-top ... done.
Begin: Running /scripts/local-premount ... [    7.575456] Btrfs loaded
Scanning for Btrfs filesystems
done.
Warning: fsck not present, so skipping root file system
[    7.619717] EXT4-fs (sda1): mounted filesystem with ordered data mode. Opts: (null)
done.
Begin: Running /scripts/local-bottom ... done.
Begin: Running /scripts/init-bottom ... done.
[    7.725962] systemd[1]: systemd 229 running in system mode. (+PAM +AUDIT +SELINUX +IMA +APPARMOR +SMACK +SYSVINIT +UTMP +LIBCRYPTSETUP +GCRYPT +GNUTLS +ACL +XZ -LZ4 +SECCOMP +BLKID +ELFUTILS +KMOD -IDN)
[    7.768849] systemd[1]: Detected virtualization oracle.
[    7.816090] systemd[1]: Detected architecture x86-64.

Welcome to [1mUbuntu 16.04.6 LTS[0m!

[    7.868591] systemd[1]: Set hostname to <ubuntu>.
[    7.888743] systemd[1]: Initializing machine ID from random generator.
[    7.903639] systemd[1]: Installed transient /etc/machine-id file.
[    8.044401] systemd[1]: Listening on /dev/initctl Compatibility Named Pipe.
[[0;32m  OK  [0m] Listening on /dev/initctl Compatibility Named Pipe.
[    8.047445] systemd[1]: Set up automount Arbitrary Executable File Formats File System Automount Point.
[[0;32m  OK  [0m] Set up automount Arbitrary Executab...ats File System Automount Point.
[    8.079936] systemd[1]: Listening on Journal Socket.
[[0;32m  OK  [0m] Listening on Journal Socket.
[    8.087847] systemd[1]: Reached target Encrypted Volumes.
[[0;32m  OK  [0m] Reached target Encrypted Volumes.
[    8.093170] systemd[1]: Started Forward Password Requests to Wall Directory Watch.
[[0;32m  OK  [0m] Started Forward Password Requests to Wall Directory Watch.
[    8.122820] systemd[1]: Started Trigger resolvconf update for networkd DNS.
[[0;32m  OK  [0m] Started Trigger resolvconf update for networkd DNS.
[    8.171644] systemd[1]: Listening on Syslog Socket.
[[0;32m  OK  [0m] Listening on Syslog Socket.
[    8.263112] systemd[1]: Listening on LVM2 poll daemon socket.
[[0;32m  OK  [0m] Listening on LVM2 poll daemon socket.
[    8.327207] systemd[1]: Created slice User and Session Slice.
[[0;32m  OK  [0m] Created slice User and Session Slice.
[    8.337119] systemd[1]: Listening on LVM2 metadata daemon socket.
[[0;32m  OK  [0m] Listening on LVM2 metadata daemon socket.
[    8.339783] systemd[1]: Listening on Journal Socket (/dev/log).
[[0;32m  OK  [0m] Listening on Journal Socket (/dev/log).
[    8.411049] systemd[1]: Reached target Swap.
[[0;32m  OK  [0m] Reached target Swap.
[    8.426727] systemd[1]: Listening on Device-mapper event daemon FIFOs.
[[0;32m  OK  [0m] Listening on Device-mapper event daemon FIFOs.
[    8.535412] systemd[1]: Created slice System Slice.
[[0;32m  OK  [0m] Created slice System Slice.
[    8.610592] systemd[1]: Starting Load Kernel Modules...
         Starting Load Kernel Modules...
[    8.621515] systemd[1]: Starting Uncomplicated firewall...
[    8.623295] Loading iSCSI transport class v2.0-870.
         Starting Uncomplicated firewall...
[    8.635261] iscsi: registered transport (tcp)
[    8.654525] systemd[1]: Starting Monitoring of LVM2 mirrors, snapshots etc. using dmeventd or progress polling...
         Starting Monitoring of LVM2 mirrors... dmeventd or progress polling...
[    8.660685] systemd[1]: Starting Create list of required static device nodes for the current kernel...
         Starting Create list of required st... nodes for the current kernel...
[    8.682725] systemd[1]: Reached target Slices.
[[0;32m  OK  [0m] Reached target Slices.
[    8.687977] systemd[1]: Starting Remount Root and Kernel File Systems...
         Starting Remount Root and Kernel File Systems...
[    8.694658] systemd[1]: Mounting Huge Pages File System...
         Mounting Huge Pages File System.[    8.705831] EXT4-fs (sda1): re-mounted. Opts: (null)
..
[    8.708125] systemd[1]: Mounting Debug File System...
         Mounting Debug File System...
[    8.718310] systemd[1]: Starting Nameserver information manager...
         Starting Nameserver information manager...[    8.725378] iscsi: registered transport (iser)

[    8.738856] systemd[1]: Mounting POSIX Message Queue File System...
         Mounting POSIX Message Queue File System...
[    8.742390] systemd[1]: Created slice system-serial\x2dgetty.slice.
[[0;32m  OK  [0m] Created slice system-serial\x2dgetty.slice.
[    8.745326] systemd[1]: Listening on Journal Audit Socket.
[[0;32m  OK  [0m] Listening on Journal Audit Socket.
[    8.748436] systemd[1]: Starting Journal Service...
         Starting Journal Service...
[    8.756359] systemd[1]: Starting Set console keymap...
         Starting Set console keymap...
[    8.768042] systemd[1]: Reached target System Time Synchronized.
[[0;32m  OK  [0m] Reached target System Time Synchronized.
[    8.771760] systemd[1]: Listening on udev Kernel Socket.
[[0;32m  OK  [0m] Listening on udev Kernel Socket.
[    8.777663] systemd[1]: Listening on udev Control Socket.
[[0;32m  OK  [0m] Listening on udev Control Socket.
[    8.780850] systemd[1]: Reached target User and Group Name Lookups.
[[0;32m  OK  [0m] Reached target User and Group Name Lookups.
[    8.799670] systemd[1]: Mounted POSIX Message Queue File System.
[[0;32m  OK  [0m] Mounted POSIX Message Queue File System.
[    8.814297] systemd[1]: Mounted Debug File System.
[[0;32m  OK  [0m] Mounted Debug File System.
[    8.817101] systemd[1]: Mounted Huge Pages File System.
[[0;32m  OK  [0m] Mounted Huge Pages File System.
[    8.820298] systemd[1]: Started Journal Service.
[[0;32m  OK  [0m] Started Journal Service.
[[0;32m  OK  [0m] Started Load Kernel Modules.
[[0;32m  OK  [0m] Started Uncomplicated firewall.
[[    8.829920] random: nonblocking pool is initialized
[0;32m  OK  [0m] Started Create list of required sta...ce nodes for the current kernel.
[[0;32m  OK  [0m] Started Remount Root and Kernel File Systems.
[[0;32m  OK  [0m] Started Set console keymap.
[[0;32m  OK  [0m] Started Nameserver information manager.
[[0;32m  OK  [0m] Started LVM2 metadata daemon.
         Starting udev Coldplug all Devices...
         Starting Load/Save Random Seed...
         Starting Create Static Device Nodes in /dev...
         Mounting FUSE Control File System...
         Starting Apply Kernel Variables...
         Starting Flush Journal to Persistent Storage...
[[0;32m  OK  [0m] Mounted FUSE Control File System.
[[0;32m  OK  [0m] Started Load/Save Random Seed.
[[0;32m  OK  [0m] Started Apply Kernel Variables.
[[0;32m  OK  [0m] Started Create Static Device Nodes in /dev.
[[0;32m  OK  [0m] Started Flush Journal to Persistent Storage.
[[0;32m  OK  [0m] Started udev Coldplug all Devices.
         Starting udev Kernel Device Manager...
[[0;32m  OK  [0m] Started udev Kernel Device Manager.
[[0;32m  OK  [0m] Started Dispatch Password Requests to Console Directory Watch.
[[0;32m  OK  [0m] Started Monitoring of LVM2 mirrors,...ng dmeventd or progress polling.
[[0;32m  OK  [0m] Found device /dev/ttyS0.
[[0;32m  OK  [0m] Reached target Local File Systems (Pre).
[[0;32m  OK  [0m] Reached target Local File Systems.
         Starting Commit a transient machine-id on disk...
         Starting Tell Plymouth To Write Out Runtime Data...
         Starting LSB: AppArmor initialization...
         Starting Set console font and keymap...
         Starting Create Volatile Files and Directories...
         Starting Initial cloud-init job (pre-networking)...
[[0;32m  OK  [0m] Started Commit a transient machine-id on disk.
[[0;32m  OK  [0m] Started Tell Plymouth To Write Out Runtime Data.
[[0;32m  OK  [0m] Started Create Volatile Files and Directories.
[[0;32m  OK  [0m] Listening on Load/Save RF Kill Switch Status /dev/rfkill Watch.
         Starting Update UTMP about System Boot/Shutdown...
[[0;32m  OK  [0m] Started Update UTMP about System Boot/Shutdown.
[[0;32m  OK  [0m] Started Set console font and keymap.
[[0;32m  OK  [0m] Created slice system-getty.slice.
[[0;32m  OK  [0m] Started LSB: AppArmor initialization.
[    9.778207] cloud-init[645]: Cloud-init v. 18.5-45-g3554ffe8-0ubuntu1~16.04.1 running 'init-local' at Mon, 17 Jun 2019 08:23:20 +0000. Up 9.40 seconds.
[[0;32m  OK  [0m] Started Initial cloud-init job (pre-networking).
[[0;32m  OK  [0m] Reached target Network (Pre).
         Starting Raise network interfaces...
[[0;32m  OK  [0m] Started Raise network interfaces.
         Starting Initial cloud-init job (metadata service crawler)...
[[0;32m  OK  [0m] Reached target Network.
[   11.148267] cloud-init[948]: Cloud-init v. 18.5-45-g3554ffe8-0ubuntu1~16.04.1 running 'init' at Mon, 17 Jun 2019 08:23:21 +0000. Up 10.54 seconds.
[   11.164662] cloud-init[948]: ci-info: ++++++++++++++++++++++++++++++++++++++Net device info+++++++++++++++++++++++++++++++++++++++
[   11.196469] cloud-init[948]: ci-info: +--------+-------+----------------------------+---------------+--------+-------------------+
[   11.199307] cloud-init[948]: ci-info: | Device |   Up  |          Address           |      Mask     | Scope  |     Hw-Address    |
[   11.201853] cloud-init[948]: ci-info: +--------+-------+----------------------------+---------------+--------+-------------------+
[   11.207045] cloud-init[948]: ci-info: | enp0s3 |  True |         10.0.2.15          | 255.255.255.0 | global | 02:3a:f4:24:e2:72 |
[   11.275908] [[0;32m  OK  [0m] Started Initial cloud-init job (metadata service crawler).
cloud-init[948]: ci-info: | enp0s3 |  True | fe80::3a:f4ff:fe24:e272/64 |       .       |  link  | 02:3a:f4:24:e2:72 |
[   11.295308] [[0;32m  OK  [0m] Reached target System Initialization.
cloud-init[948]: ci-info: | enp0s8 | False |             .              |       .       |   .    | 08:00:27:a3:89:75 |
[   11.304037] [[0;32m  OK  [0m] Started ACPI Events Check.
[[0;32m  OK  [0m] Reached target Paths.
[[0;32m  OK  [0m] Listening on D-Bus System Message Bus Socket.
cloud-init[948]: ci-info: |   lo   |  True |         127.0.0.1          |   255.0.0.0   |  host  |         .         |
[   11.332879]          Starting LXD - unix socket.
[[0;32m  OK  [0m] Started Daily Cleanup of Temporary Directories.
[[0;32m  OK  [0m] Started Daily apt download activities.
         Starting Socket activation for snappy daemon.
[[0;32m  OK  [0m] Listening on UUID daemon activation socket.
cloud-init[948]: ci-info: |   lo   |  True |          ::1/128           |       .       |  host  |         .         |
[   11.356864] [[0;32m  OK  [0m] Started Daily apt upgrade and clean activities.
[[0;32m  OK  [0m] Reached target Timers.
[[0;32m  OK  [0m] Listening on ACPID Listen Socket.
[[0;32m  OK  [0m] Reached target Network is Online.
cloud-init[948]: ci-info: +--------+-------+----------------------------+---------------+--------+-------------------+
[   11.377578]          Starting iSCSI initiator daemon (iscsid)...
[[0;32m  OK  [0m] Reached target Cloud-config availability.
[[0;32m  OK  [0m] Listening on LXD - unix socket.
[[0;32m  OK  [0m] Listening on Socket activation for snappy daemon.
cloud-init[948]: ci-info: +++++++++++++++++++++++++++Route IPv4 info++++++++++++++++++++++++++++[[0;32m  OK  [0m] Reached target Sockets.
[[0;32m  OK  [0m] Reached target Basic System.

[   11.400311]          Starting Virtualbox guest utils...
cloud-init[948]:          Starting Login Service...
ci-info: +-------+-------------+----------+---------------+-----------+-------+         Starting LSB: Record successful boot for GRUB...

[   11.413164] cloud-init         Starting Accounts Service...
[948]: ci-info: | Route | Destination | Gateway  |    Genmask    | Interface | Flags |
[   11.431509] [[0;32m  OK  [0m] Started Regular background program processing daemon.
cloud-init[948]: ci-info: +-------+-------------+----------+---------------+-----------+-------+
[   11.460210]          Starting /etc/rc.local Compatibility...
cloud-init[948]: ci-info: |   0   |   0.0.0.0   | 10.0.2.2 |    0.0.0.0    |   enp0s3  |   UG  |
[   11.463219] cloud-init[948]: ci-info: |   1   |   10.0.2.0  | 0.0.0.0  | 255.255.255.0 |   enp0s3  |   U   |
[   11.466146] cloud-init[948]: ci-info: +-------+-------------+----------+---------------+-----------+-------+
[   11.468808] cloud-init[948]: ci-info: +++++++++++++++++++Route IPv6 info+++++++++++++++++++
[   11.470907] cloud-init[948]: [[0;32m  OK  [0m] Started ACPI event daemon.
[[0;32m  OK  [0m] Started Unattended Upgrades Shutdown.
[[0;32m  OK  [0m] Started Deferred execution scheduler.
ci-info: +-------+-------------+---------+-----------+-------+         Starting LSB: MD monitoring daemon...

[   11.476578]          Starting System Logging Service...
cloud-init[948]: [[0;32m  OK  [0m] Started D-Bus System Message Bus.
ci-info: | Route | Destination | Gateway | Interface | Flags |
[   11.487956] cloud-init[948]: ci-info: +-------+-------------+---------+-----------+-------+
[   11.490294] cloud-init[948]: ci-info: |   0   |  fe80::/64  |    ::   |   enp0s3  |   U   |
[   11.501537] cloud-init[948]: ci-info: |   3   |   ff00::/8  |    ::   |   enp0s3  |   U   |
[   11.515809] cloud-init[948]: ci-info: +-------+-------------+---------+-----------+-------+
[   11.518259] cloud-init[948]: Generating public/private rsa key pair.
[   11.520287] cloud-init[948]: Your identification has been saved in /etc/ssh/ssh_host_rsa_key.
[   11.522217] cloud-init[948]: Your public key has been saved in /etc/ssh/ssh_host_rsa_key.pub.
[   11.541878] cloud-init[948]: The key fingerprint is:
[   11.568208]          Starting Pollinate to seed the pseudo random number generator...
cloud-init[948]: SHA256:plVoGNJBPgKd/ajlKTs9cNmzhTisMAODTa2ZTSM0d74 root@ubuntu-xenial
[   11.579366]          Starting Snappy daemon...
cloud-init[948]: The key's randomart image is:
[   11.594094] [[0;32m  OK  [0m] Started FUSE filesystem for LXC.
cloud-init[948]:          Starting LXD - container startup/shutdown...
+---[RSA 2048]----+
[[0;32m  OK  [0m] Started System Logging Service.
[   11.617882] cloud-init[948]: | .+oo==.         |
[   11.640253] cloud-init[948]: |  o+*=oo .       |
[   11.657965] cloud-init[948]: |.o B..=oo .      |
[   11.658300] cloud-init[948]: |+ = ..o+..       |
[[0;32m  OK  [0m] Started /etc/rc.local Compatibility.
[   11.658551] cloud-init[948]: | o   =E=S.       |
[   11.674021] cloud-init[948]: |  + + O++ .      |
[   11.700554] cloud-init[948]: |   + B.. +       |
[   11.701078] cloud-init[948]: |    + o .        |
[[0;32m  OK  [0m] Started iSCSI initiator daemon (iscsid).
[   11.701711] cloud-init[948]: |     . .         |
[   11.748003] cloud-init[948]: +----[SHA256]-----+
[   11.759677] cloud-init[948]: Generating public/private dsa key pair.
[   11.785127] cloud-init[948]: Your identification has been saved in /etc/ssh/ssh_host_dsa_key.
[   11.816585] [[0;32m  OK  [0m] Started LSB: Record successful boot for GRUB.
cloud-init[948]: Your public key has been saved in /etc/ssh/ssh_host_dsa_key.pub.
[   11.853196] [[0;32m  OK  [0m] Started Login Service.
cloud-init[948]: The key fingerprint is:
[   11.856807] cloud-init[948]: SHA256:avAKa42nIxBut7+CuVGCR6WSInlVPDtSfgETy2wSXeE root@ubuntu-xenial
[   11.862718] cloud-init[948]: The key's randomart image is:         Starting Authenticate and Authorize Users to Run Privileged Tasks...

         Starting Login to default iSCSI targets...
[   11.898084] [[0;32m  OK  [0m] Started Virtualbox guest utils.
[[0;32m  OK  [0m] Started LSB: MD monitoring daemon.
cloud-init[948]: +---[DSA 1024]----+
[   11.904253] cloud-init[948]: |    ++=+o.       |
[   11.912812] cloud-init[948]: | o + +=+.        |
[   11.919883] cloud-init[948]: |* + .o=oE.       |
[   11.937322] cloud-init[948]: |=+  .o+ .        |
[   11.940521] cloud-init[948]: |oo.... oS        |
[   11.943190] cloud-init[948]: |.+o. o .         |
[   11.949711] cloud-init[948]: |o.=o. +          |
[   11.953709] cloud-init[948]: |.o==oo           |
[   11.954122] cloud-init[948]: | ++++o.          |
[   11.954896] cloud-init[948]: +----[SHA256]-----+
[   11.955274] cloud-init[948]: Generating public/private ecdsa key pair.
[   11.955438] cloud-init[948]: Your identification has been saved in /etc/ssh/ssh_host_ecdsa_key.
[[0;32m  OK  [0m] Started Authenticate and Authorize Users to Run Privileged Tasks.
[   11.955696] cloud-init[948]: Your public key has been saved in /etc/ssh/ssh_host_ecdsa_key.pub.
[   12.004325] cloud-init[948]: The key fingerprint is:
[   12.004697] cloud-init[948]: SHA256:kpaSMO7durQ/0DSVWAoO6OomZ4Ic4TByuzlKzlnRvB8 root@ubuntu-xenial
[   12.004940] cloud-init[948]: The key's randomart image is:
[[0;32m  OK  [0m] Started Accounts Service.
[   12.005119] cloud-init[[0;32m  OK  [0m] Started Login to default iSCSI targets.
[948]: +---[ECDSA 256]---+
[[0;32m  OK  [0m] Reached target Remote File Systems (Pre).
[[0;32m  OK  [0m] Reached target Remote File Systems.
[   12.079444] cloud-init[948]: | .. .  o..       |
[   12.083914] cloud-init[948]: |.  o ...o        |
[   12.090451] cloud-init[948]: |. o . ..         |
[   12.092708] cloud-init[948]: |++.oo.oo         |
[   12.094821] cloud-init[948]: |=oooo==.S        |         Starting LSB: Set the CPU Frequency Scaling governor to "ondemand"...

[   12.117533]          Starting LSB: automatic crash report generation...
cloud-init         Starting LSB: daemon to balance interrupts for SMP systems...
         Starting Permit User Sessions...
[948]: |.+..o+o.         |
[[0;32m  OK  [0m] Started Snappy daemon.
[[0;32m  OK  [0m] Started LXD - container startup/shutdown.
[   12.121509] cloud-init[948]: |+.o+oo.E         |
[   12.129870] cloud-init[948]: |B+O. oo .        |
[[0;32m  OK  [0m] Started Permit User Sessions.
[[0;32m  OK  [0m] Started Pollinate to seed the pseudo random number generator.
[   12.164308] cloud-init[948]: |+O .+o.o         |
[[0;32m  OK  [0m] Started LSB: Set the CPU Frequency Scaling governor to "ondemand".
[   12.190982] cloud-init[948]: +----[SHA256]-----+
[   12.215166] cloud-init[948]: Generating public/private ed25519 key pair.
[   12.224131] cloud-init[948]: Your identification has been saved in /etc/ssh/ssh_host_ed25519_key.
[   12.236251] cloud-init[948]: Your public key has been saved in /etc/ssh/ssh_host_ed25519_key.pub.
[   12.238204] cloud-init[948]: The key fingerprint is:
         Starting OpenBSD Secure Shell server...
         Starting Terminate Plymouth Boot Screen...
         Starting Hold until boot process finishes up...
         Starting Wait until snapd is fully seeded...
[[0;32m  OK  [0m] Started LSB: automatic crash report generation.
[[0;32m  OK  [0m] Started LSB: daemon to balance interrupts for SMP systems.
[   12.240857] cloud-init[948]: SHA256:rtOi+jTzoUelB3DY3vpp8BnbMDowH5vQzTPnm1ZHIqs root@ubuntu-xenial
[   12.301417] cloud-init[948]: The key's randomart image is:
[   12.304073] cloud-init[948]: +--[ED25519 256]--+
[   12.305664] cloud-init[948]: |     o           |
[   12.307137] cloud-init[948]: |    o o          |
[[0;32m  OK  [0m] Started Terminate Plymouth Boot Screen.
[[0;32m  OK  [0m] Started Hold until boot process finishes up.
[   12.323311] cloud-init[948]: |     + .         |
[   12.330519] [[0;32m  OK  [0m] Started OpenBSD Secure Shell server.
cloud-init[948]: |      o o . . .  |
[   12.334070] cloud-init[948]: |     . BS  o o   |
[   12.335921] cloud-init[948]: |    + B.X o . .  |
[   12.337734] cloud-init[948]: |    +*.@.# . .   |
[   12.340306] cloud-init[948]: |   . =XoE +.     |
[   12.368310] [[0;32m  OK  [0m] Started Serial Getty on ttyS0.
cloud-init[948]: |  .o+oo= .o.     |
[   12.371030] cloud-init[948]: +----[SHA256]-----+
[[0;32m  OK  [0m] Started Getty on tty1.
[[0;32m  OK  [0m] Reached target Login Prompts.
         Starting Set console scheme...
[[0;32m  OK  [0m] Started Set console scheme.
[[0;32m  OK  [0m] Started Wait until snapd is fully seeded.
         Starting Apply the settings specified in cloud-config...
[[0;32m  OK  [0m] Reached target Multi-User System.
[[0;32m  OK  [0m] Reached target Graphical Interface.
         Starting Update UTMP about System Runlevel Changes...
[[0;32m  OK  [0m] Started Update UTMP about System Runlevel Changes.
[[0;32m  OK  [0m] Created slice User Slice of vagrant.
         Starting User Manager for UID 1000...
[[0;32m  OK  [0m] Started Session 1 of user vagrant.
[[0;32m  OK  [0m] Started User Manager for UID 1000.
[   13.813184] cloud-init[1283]: Generating locales (this might take a while)...
[   15.074743] cloud-init[1283]:   en_US.UTF-8... done
[   15.110737] cloud-init[1283]: Generation complete.
[   15.535136] cloud-init[1283]: Cloud-init v. 18.5-45-g3554ffe8-0ubuntu1~16.04.1 running 'modules:config' at Mon, 17 Jun 2019 08:23:24 +0000. Up 13.67 seconds.
[[0;32m  OK  [0m] Started Apply the settings specified in cloud-config.
         Starting Execute cloud user/final scripts...
ci-info: no authorized ssh keys fingerprints found for user ubuntu.
<14>Jun 17 08:23:27 ec2: 
<14>Jun 17 08:23:27 ec2: #############################################################
<14>Jun 17 08:23:27 ec2: -----BEGIN SSH HOST KEY FINGERPRINTS-----
<14>Jun 17 08:23:27 ec2: 1024 SHA256:avAKa42nIxBut7+CuVGCR6WSInlVPDtSfgETy2wSXeE root@ubuntu-xenial (DSA)
<14>Jun 17 08:23:27 ec2: 256 SHA256:kpaSMO7durQ/0DSVWAoO6OomZ4Ic4TByuzlKzlnRvB8 root@ubuntu-xenial (ECDSA)
<14>Jun 17 08:23:27 ec2: 256 SHA256:rtOi+jTzoUelB3DY3vpp8BnbMDowH5vQzTPnm1ZHIqs root@ubuntu-xenial (ED25519)
<14>Jun 17 08:23:27 ec2: 2048 SHA256:plVoGNJBPgKd/ajlKTs9cNmzhTisMAODTa2ZTSM0d74 root@ubuntu-xenial (RSA)
<14>Jun 17 08:23:27 ec2: -----END SSH HOST KEY FINGERPRINTS-----
<14>Jun 17 08:23:27 ec2: #############################################################
-----BEGIN SSH HOST KEY KEYS-----
ecdsa-sha2-nistp256 AAAAE2VjZHNhLXNoYTItbmlzdHAyNTYAAAAIbmlzdHAyNTYAAABBBINCDg2UC1oYWEG+Yil2BQPq8jbzFY44nyHmB7fdmRNZINVs7rFd3YPTZX4MDW6HqFO3+ckOCOjA1OIINV8lZKU= root@ubuntu-xenial
ssh-ed25519 AAAAC3NzaC1lZDI1NTE5AAAAILE0/Z8S8XSH/x70GL0/CItb3TXamzEkQv3kXtmF3FYS root@ubuntu-xenial
ssh-rsa AAAAB3NzaC1yc2EAAAADAQABAAABAQDlzeMPlJSfPHseX4URN7F6fEZ2BPoMZcBaI8ylZIYkzLgL9G5YUKP3eTuVweUkwPYC+l6OTJma3uWTOY/p2Bx9FwqqzhMvjgKI5zAZ3vuPn2b7ob1L3eaiOBJdIGE5vApb0+Ok8TNMKPNX4rvwOU28/MtJfsSRI3YROHuvTc8r/QhNVsFyqkMDcngk4E2pd0AcIxHkGAvehbQWRxDc2oBxHh1SXOafrkq0AIxO8ReQ5blCKq6C6bhUPghCXRkewV9tvCJuQCuaK8hxJ8QnCmPEsGV/dISOzpzl2H5VQmrg2wi1+8C1S/MG0chCaEd1bIhvoNzX4Ppk/mHYUFQOoIwp root@ubuntu-xenial
-----END SSH HOST KEY KEYS-----
[   16.193593] cloud-init[1440]: Cloud-init v. 18.5-45-g3554ffe8-0ubuntu1~16.04.1 running 'modules:final' at Mon, 17 Jun 2019 08:23:27 +0000. Up 15.93 seconds.
[   16.195994] cloud-init[1440]: ci-info: no authorized ssh keys fingerprints found for user ubuntu.
[   16.197649] cloud-init[1440]: Cloud-init v. 18.5-45-g3554ffe8-0ubuntu1~16.04.1 finished at Mon, 17 Jun 2019 08:23:27 +0000. Datasource DataSourceNoCloud [seed=/dev/sdb][dsmode=net].  Up 16.18 seconds
[[0;32m  OK  [0m] Started Execute cloud user/final scripts.
[[0;32m  OK  [0m] Reached target Cloud-init target.

Ubuntu 16.04.6 LTS ubuntu-xenial ttyS0

ubuntu-xenial login:          Stopping Session 6 of user vagrant.
         Stopping User Manager for UID 1000...
[[0;32m  OK  [0m] Stopped target Timers.
[[0;32m  OK  [0m] Stopped Daily apt upgrade and clean activ          Stopping Virtualbox guest utils...
         Stopping Regular background program processing daemon...
         Stopping Unattended Upgrades Shutdown...
         Stopping Deferred execution scheduler...
         Stopping LSB: automatic crash report generation...
         Stopping LSB: Set the CPU Frequency Scaling governor to "ondemand"...
         Stopping LSB: MD monitoring daemon...
[[0;32m  OK  [0m] Stopped Apply the settings specified in cloud-config.
[[0;32m  OK  [0m] Stopped target Cloud-config availability.
[[0;32m  OK  [0m] Stopped Wait until snapd is fully seeded.
         Stopping OpenBSD Secure Shell server...
         Stopping Accounts Service...
[[0;32m  OK  [0m] Unmounted /var/lib/lxcfs.
[[0;32m  OK  [0m] Stopped Accounts Service.
[[0;32m  OK  [0m] Stopped Regular background program processing daemon.
[[0;32m  OK  [0m] Stopped ACPI event daemon.
[[0;32m  OK  [0m] Stopped Deferred execution scheduler.
[[0;32m  OK  [0m] Stopped System Logging Service.
[[0;32m  OK  [0m] Stopped Authenticate and Authorize Users to Run Privileged Tasks.
[[0;32m  OK  [0m] Stopped OpenBSD Secure Shell server.
[[0;32m  OK  [0m] Stopped Serial Getty on ttyS0.
[[0;32m  OK  [0m] Stopped Getty on tty1.
[[0;32m  OK  [0m] Stopped Docker Application Container Engine.
[[0;32m  OK  [0m] Stopped User Manager for UID 1000.
[[0;32m  OK  [0m] Stopped Session 6 of user vagrant.
[[0;32m  OK  [0m] Stopped D-Bus System Message Bus.
[[0;32m  OK  [0m] Stopped Unattended Upgrades Shutdown.
[[0;32m  OK  [0m] Stopped FUSE filesystem for LXC.
[[0;32m  OK  [0m] Stopped LSB: daemon to balance interrupts for SMP systems.
[[0;32m  OK  [0m] Stopped Virtualbox guest utils.
[[0;32m  OK  [0m] Stopped LSB: Record successful boot for GRUB.
[[0;32m  OK  [0m] Stopped LSB: automatic crash report generation.
[[0;32m  OK  [0m] Stopped LXD - container startup/shutdown.
[[0;32m  OK  [0m] Stopped LSB: Set the CPU Frequency Scaling governor to "ondemand".
[[0;32m  OK  [0m] Stopped LSB: MD monitoring daemon.
[[0;32m  OK  [0m] Removed slice User Slice of vagrant.
         Stopping Login Service...
         Stopping containerd container runtime...
[[0;32m  OK  [0m] Removed slice system-getty.slice.
         Stopping Permit User Sessions...
[[0;32m  OK  [0m] Removed slice system-serial\x2dgetty.slice.
[[0;32m  OK  [0m] Stopped /etc/rc.local Compatibility.
[[0;32m  OK  [0m] Stopped Login Service.
[[0;32m  OK  [0m] Stopped containerd container runtime.
[[0;32m  OK  [0m] Stopped Permit User Sessions.
[[0;32m  OK  [0m] Stopped target Remote File Systems.
[[0;32m  OK  [0m] Stopped target Remote File Systems (Pre).
         Stopping Login to default iSCSI targets...
[[0;32m  OK  [0m] Stopped target User and Group Name Lookups.
[[0;32m  OK  [0m] Stopped target Basic System.
[[0;32m  OK  [0m] Stopped target Sockets.
[[0;32m  OK  [0m] Closed ACPID Listen Socket.
[[0;32m  OK  [0m] Closed LXD - unix socket.
[[0;32m  OK  [0m] Closed Docker Socket for the API.
[[0;32m  OK  [0m] Closed UUID daemon activation socket.
[[0;32m  OK  [0m] Closed Socket activation for snappy daemon.
[[0;32m  OK  [0m] Closed Syslog Socket.
[[0;32m  OK  [0m] Stopped target Paths.
[[0;32m  OK  [0m] Stopped Forward Password Requests to Wall Directory Watch.
[[0;32m  OK  [0m] Stopped Dispatch Password Requests to Console Directory Watch.
[[0;32m  OK  [0m] Stopped ACPI Events Check.
[[0;32m  OK  [0m] Stopped target Slices.
[[0;32m  OK  [0m] Closed D-Bus System Message Bus Socket.
[[0;32m  OK  [0m] Removed slice User and Session Slice.
[[0;32m  OK  [0m] Stopped target System Initialization.
[[0;32m  OK  [0m] Stopped Commit a transient machine-id on disk.
[[0;32m  OK  [0m] Stopped target Swap.
         Stopping Load/Save Random Seed...
[[0;32m  OK  [0m] Stopped target Encrypted Volumes.
[[0;32m  OK  [0m] Stopped Create Volatile Files and Directories.
[[0;32m  OK  [0m] Stopped Load/Save Random Seed.
[[0;32m  OK  [0m] Stopped Login to default iSCSI targets.
         Stopping iSCSI initiator daemon (iscsid)...
[[0;32m  OK  [0m] Stopped iSCSI initiator daemon (iscsid).
[[0;32m  OK  [0m] Stopped target Network is Online.
[[0;32m  OK  [0m] Stopped Initial cloud-init job (metadata service crawler).
[[0;32m  OK  [0m] Stopped target Network.
         Stopping Raise network interfaces...
[[0;32m  OK  [0m] Stopped Raise network interfaces.
[[0;32m  OK  [0m] Stopped target Network (Pre).
[[0;32m  OK  [0m] Stopped Initial cloud-init job (pre-networking).
[[0;32m  OK  [0m] Stopped Apply Kernel Variables.
[[0;32m  OK  [0m] Stopped Load Kernel Modules.
[[0;32m  OK  [0m] Stopped target Local File Systems.
         Unmounting /run/user/1000...
         Unmounting /vagrant...
[[0;32m  OK  [0m] Unmounted /run/user/1000.
[[0;32m  OK  [0m] Unmounted /vagrant.
[[0;32m  OK  [0m] Reached target Unmount All Filesystems.
[[0;32m  OK  [0m] Stopped target Local File Systems (Pre).
         Stopping Monitoring of LVM2 mirrors... dmeventd or progress polling...
[[0;32m  OK  [0m] Stopped Create Static Device Nodes in /dev.
[[0;32m  OK  [0m] Stopped Remount Root and Kernel File Systems.
[[0;32m  OK  [0m] Reached target Shutdown.
[ 4665.503382] reboot: Power down
