[    0.000000] Intializngcgroup suys cpuse
[    0.000000] Initializing cgroup subsys cppu
[  0.000000] Initializing cgroup subsyspuacct
[    0.000000] Linux version 4.4.0-146-generic (buildd@lcy01-amd64-025) (gcc version 5.4.0 20160609 (Ubuntu 5.4.0-6ubuntu1~16.04.10) ) #172-Ubuntu SMP Wed Apr 3 09:00:08 UTC 2019 (Ubuntu 4.4.0-146.172-generic 4.4.177)
[    0.000000] Command line: BOOT_IMAGE=/boot/vmlinuz-4.4.0-146-generic root=LABEL=cloudimg-rootfs ro console=tty1 console=ttyS0
[    0.000000] KERNEL supported cpus:
[    0.000000]   Intel GenuineIntel
[    0.000000]   AMD AuthenticAMD
[    0.000000]   Centaur CentaurHauls
[    0.000000] x86/fpu: xstate_offset[2]:  576, xstate_sizes[2]:  256
[    0.000000] x86/fpu: Supporting XSAVE feature 0x01: 'x87 floating point registers'
[    0.000000] x86/fpu: Supporting XSAVE feature 0x02: 'SSE registers'
[    0.000000] x86/fpu: Supporting XSAVE feature 0x04: 'AVX registers'
[    0.000000] x86/fpu: Enabled xstate features 0x7, context size is 832 bytes, using 'standard' format.
[    0.000000] e820: BIOS-provided physical RAM map:
[    0.000000] BIOS-e820: [mem 0x0000000000000000-0x000000000009fbff] usable
[    0.000000] BIOS-e820: [mem 0x000000000009fc00-0x000000000009ffff] reserved
[    0.000000] BIOS-e820: [mem 0x00000000000f0000-0x00000000000fffff] reserved
[    0.000000] BIOS-e820: [mem 0x0000000000100000-0x000000003ffeffff] usable
[    0.000000] BIOS-e820: [mem 0x000000003fff0000-0x000000003fffffff] ACPI data
[    0.000000] BIOS-e820: [mem 0x00000000fec00000-0x00000000fec00fff] reserved
[    0.000000] BIOS-e820: [mem 0x00000000fee00000-0x00000000fee00fff] reserved
[    0.000000] BIOS-e820: [mem 0x0000000fffc0000-0x00000000ffffffff] reserved
[    0.000000] NX (Execute Disable) protection: active
[  0.000000] SMBIOS 2.5 present.
[    0.000000] Hypervisor detected: KVM
[    0.000000] e820: last_pfn = 0x3fff0 max_arch_pfn = 0x400000000
[    0.000000] MTRR: Disabled
[    0.000000] x86/PAT: MTRRs disabled, skipping PAT initialization too.
[    0.000000] CPU MTRRs all blank - virtualized system.
[    0.000000] x86/PAT: Configuration [0-7]: WB  WT  UC- UC  WB  WT  UC- UC  
[    0.000000] found SMP MP-table at [mem 0x0009fff0-0x0009ffff] mapped at [ffff88000009fff0]
[    0.000000] Scanning 1 areas for low memory corruption
[    0.000000] RAMDISK: [mem 0x362fa000-0x37174fff]
[    0.000000] ACPI: Early table checksum verification disabled
[    0.000000] ACPI: RSDP 0x00000000000E0000 000024 (v02 VBOX  )
[    0.000000] ACPI: XSDT 0x000000003FFF0030 00003C (v01 VBOX   VBOXXSDT 00000001 ASL  00000061)
[    0.000000] ACPI: FACP 0x000000003FFF00F0 0000F4 (v04 VBOX   VBOXFACP 00000001 ASL  00000061)
[    0.000000] ACPI: DSDT 0x000000003FFF0470 0021FF (v02 VBOX   VBOXBIOS 00000002 INTL 20100528)
[    0.000000] ACPI: FACS 0x000000003FFF0200 000040
[    0.00000] ACPI: FACS 0x000000003FFF0200 000040
[    0.000000] ACPI: APIC 0x000000003FFF0240 00005C (v02 VBOX   VBOXAPIC 00000001 ASL  00000061)
[    0.000000] ACPI: SSDT 0x000000003FFF02A0 0001CC (v01 VBOX   VBOXCPUT 00000002 INTL 20100528)
[    0.000000] No NUMA configuration found
[    0.000000] Faking a node at [mem 0x0000000000000000-0x000000003ffeffff]
[    0.000000] NODE_DATA(0) allocated [mem 0x3ffeb000-0x3ffeffff]
[    0.000000] kvm-clock: Using msrs 4b5d01 nd 464d00
[    0.000000] kvm-clock: cpu 0, msr 0:3ffe3001, primary cpu clock
[    0.000000] kvm-clock: using sched offset of 4024387981 cycles
[    0.000000] clocksource: kvm-clock: mask: 0xfffffffffffffff max_cycles: 0x1cd42e4dffb, max_idle_ns: 881590591483 ns
[    0.000000] Zone ranges:
[    0.000000]   DMA      [mem 0x0000000000001000-0x0000000000ffffff]
[    0.000000]   DMA32    [mem 0x0000000001000000-0x000000003ffeffff]
[    0.000000]   Normal   empty
[    0.000000]   Device   empty
[    0.000000] Movable zone start for each node
[    0.000000] Early memory node ranges
[    0.000000]   node   0: [mem 0x0000000000001000-0x000000000009efff]
[    0.000000]   node   0: [mem 0x0000000000100000-0x000000003ffeffff]
[    0.000000] Initmem setup node 0 [mem 0x0000000000001000-0x000000003ffeffff]
[    0.000000] ACPI: PM-Timer IO Port: 0x4008
[    0.000000] IOAPIC[0]: apic_id 2, version 32, address 0xfec00000, GSI 0-23
[    0.000000] ACPI: INT_SRC_OVR (bus 0 bus_irq 0 global_irq 2 dfl dfl)
[    0.000000] ACPI: INT_SRC_OVR (bus 0 bus_irq 9 global_irq 9 low level)
[    0.000000] Using ACPI (MADT) for SMP configuration information
[    0.000000] smpboot: Allowing 2 CPUs, 0 hotplug CPUs
[    0.000000] PM: Registered nosave memory: [mem 0x00000000-0x00000fff]
[    0.000000] PM: Registered nosave memory: [mem 0x0009f000-0x0009ffff]
[    0.000000] PM: Registered nosave memory: [mem 0x000a0000-0x000effff]
[    0.000000] PM: Registered nosave memory [mem 0x000f0000-0x000fffff]
[    0.000000] e820: [mem 0x40000000-0xfebfffff] available for PCI devices
[    0.000000] Booting paravirtualized kernel oKVM
[    0.000000] clocksource: refined-jiffies: mask: 0xffffffff max_cycles: 0xffffffff, max_idle_ns: 7645519600211568 ns
[    0.000000] setup_percpu: NR_CPUS:512 nr_cpumask_bits:512 nr_cpu_ids:2 nr_node_ids:1
[    0.000000] PERCPU: Embedded 34 pages/cpu @ffff88003fc00000 s99480 r8192 d31592 u1048576
[    0.000000] Built 1 zonelists in Node order, mobility grouping on.  Total pages: 257912
[    0.000000] Policy zone: DMA32
[    0.000000] Kernel command line: BOOT_IMAGE=/boot/vmlinuz-4.4.0-146-generic root=LABEL=cloudimg-rootfs ro console=tty1 console=ttyS0
[   0.000000] PID hash table entries: 4096 (order: 3, 32768 bytes)
[    0.000000] Memory: 997732K/1048120K available (8609K kernel code, 1334K rwdata, 4028K rodata, 1484K init, 1284K bss, 50388K reserved, 0K cma-reserved)
[    0.000000] SLUB: HWalign=64, Order=0-3, MinObjects=0, CPUs=2, Nodes=1
[    0.000000] Kernel/User page tables isolation: enabled
[    0.000000] Hierarchical RCU implementation.
[    0.000000] 	Build-time adjustment of leaf fanout to 64.
[    0.000000] 	RCU restricting CPUs from NR_CPUS=512 to nr_cpu_ids=2.
[    0.000000] RCU: Adjusting geometry for rcu_fanout_leaf=64, nr_cpu_ids=2
[    0.000000] NR_IRQS:33024 nr_irqs:440 16
[    0.000000] Console: colour VGA+ 80x25
[    0.000000] console [tty1] enabled
[    0.000000] console [ttyS0] enabled
[    0.000000] tsc: Detected 2495.998 MHz processor
[    0.971203] Calibrating delay loop (skipped) preset value.. 4991.99 BogoMIPS (lpj=9983992)
[    0.973323] pid_max: default: 32768 minimum: 301
[    0.974484] ACPI: Core revision 20150930
[    0.976720] ACPI: 2 ACPI AML tables successfully acquired and loaded
[    0.978177] Security Framework initialized
[    0.979069] Yama: becoming mindful.
[    0.980018] AppArmor: AppArmor initialized
[    0.981335] Dentry cache hash table entries: 131072 (order: 8, 1048576 bytes)
[    0.984812] Inode-cache hash table entries: 65536 (order: 7, 524288 bytes)
[    0.987570] Mount-cache hash table entries: 2048 (order: 2, 16384 bytes)
[    0.989893] Mountpoint-cache hash table entries: 2048 (order: 2, 16384 bytes)
[    1.006636] Initializing cgroup subsys io
[    1.008551] Initializing cgroup subsys memory
[    1.023982] Initializing cgroup subsys devices
[    1.025700] Initializing cgroup subsys freezer
[    1.027446] Initializing cgroup subsys net_cls
[    1.055547] Initializing cgroup subsys perf_event
[    1.108176] Initializing cgroup subsys net_prio
[    1.110495] Initializing cgroup subsys hugetlb
[    1.112719] Initializing cgroup subsys pids
[    1.116773] mce: CPU supports 0 MCE banks
[    1.159385] Last level iTLB entries: 4KB 64, 2MB 8, 4MB 8
[    1.168105] Last level dTLB entries: 4KB 64, 2MB 0, 4MB 0, 1GB 4
[    1.170579] Spectre V2 : Mitigation: Full generic retpoline
[    1.173113] Spectre V2 : Spectre v2 / SpectreRSB mitigation: Filling RSB on context switch
[    1.236193] Speculative Store Bypass: Vulnerable
[    1.294369] Freeing SMP alternatives memory: 36K
[    1.362276] ftrace: allocating 32287 entries in 127 pages
[    1.520883] smpboot: APIC(0) Converting physical 0 to logical package 0
[    1.529160] smpboot: Max logical packages: 1
[    1.530893] x2apic enabled
[    1.532389] Switched APIC routing to physical x2apic.
[    1.535477] ..TIMER: vector=0x30 apic1=0 pin1=2 apic2=-1 pin2=-1
[    1.642587] smpboot: CPU0: Intel(R) Core(TM) i5-6300U CPU @ 2.40GHz (family: 0x6, model: 0x4e, stepping: 0x3)
[    1.668664] Performance Events: unsupported p6 CPU model 78 no PMU driver, software events only.
[    1.698057] KVM setup paravirtual spinlock
[    1.707829] x86: Booting SMP configuration:
[    1.716654] .... node  #0, CPUs:      #1
[    1.718997] kvm-clock: cpu 1, msr 0:3ffe3041, secondary cpu clock
[    1.730716] mce: CPU supports 0 MCE banks
[    1.733708] x86: Booted up 1 node, 2 CPUs
[    1.742132] smpboot: Total of 2 processors activated (9983.99 BogoMIPS)
[    1.751941] devtmpfs: initialized
[    1.754916] evm: security.selinux
[    1.756001] evm: security.SMACK64
[    1.757390] evm: security.SMACK64EXEC
[    1.762351] evm: security.SMACK64TRANSMUTE
[    1.764823] evm: security.SMACK64MMAP
[    1.766123] evm: security.ima
[    1.773937] evm: security.capability
[    1.775388] clocksource: jiffies: mask: 0xffffffff max_cycles: 0xffffffff, max_idle_ns: 7645041785100000 ns
[    1.792941] futex hash table entries: 512 (order: 3, 32768 bytes)
[    1.808849] pinctrl core: initialized pinctrl subsystem
[    1.860031] RTC time:  7:23:41, date: 06/03/19
[    1.895664] NET: Registered protocol family 16
[    1.959990] cpuidle: using governor ladder
[    2.018827] cpuidle: using governor menu
[    2.045987] PCCT header not found.
[    2.062962] ACPI: bus type PCI registered
[    2.089391] acpiphp: ACPI Hot Plug PCI Controller Driver version: 0.5
[    2.092116] PCI: Using configuration type 1 for base access
[    2.107785] ACPI: Added _OSI(Module Device)
[    2.109774] ACPI: Added _OSI(Processor Device)
[    2.111997] ACPI: Added _OSI(3.0 _SCP Extensions)
[    2.140223] ACPI: Added _OSI(Processor Aggregator Device)
[    2.208389] ACPI: Executed 1 blocks of module-level executable AML code
[    2.266251] ACPI: Interpreter enabled
[    2.274996] ACPI: (supports S0 S5)
[    2.276386] ACPI: Using IOAPIC for interrupt routing
[    2.278543] PCI: Using host bridge windows from ACPI; if necessary, use "pci=nocrs" and report a bug
[    2.288628] ACPI: PCI Root Bridge [PCI0] (domain 0000 [bus 00-ff])
[    2.290822] acpi PNP0A03:00: _OSC: OS supports [ASPM ClockPM Segments MSI]
[    2.293635] acpi PNP0A03:00: _OSC: not requesting OS control; OS requires [ExtendedConfig ASPM ClockPM MSI]
[    2.298093] acpi PNP0A03:00: fail to add MMCONFIG information, can't access extended PCI configuration space under this bridge.
[    2.303010] PCI host bridge to bus 0000:00
[    2.304774] pci_bus 0000:00: root bus resource [io  0x0000-0x0cf7 window]
[    2.307548] pci_bus 0000:00: root bus resource [io  0x0d00-0xffff window]
[    2.317096] pci_bus 0000:00: root bus resource [mem 0x000a0000-0x000bffff window]
[    2.410428] pci_bus 0000:00: root bus resource [mem 0x40000000-0xfdffffff window]
[    2.477842] pci_bus 0000:00: root bus resource [bus 00-ff]
[    2.483118] pci 0000:00:01.1: legacy IDE quirk: reg 0x10: [io  0x01f0-0x01f7]
[    2.499561] pci 0000:00:01.1: legacy IDE quirk: reg 0x14: [io  0x03f6]
[    2.510338] pci 0000:00:01.1: legacy IDE quirk: reg 0x18: [io  0x0170-0x0177]
[    2.526023] pci 0000:00:01.1: legacy IDE quirk: reg 0x1c: [io  0x0376]
[    2.550097] pci 0000:00:07.0: quirk: [io  0x4000-0x403f] claimed by PIIX4 ACPI
[    2.553096] pci 0000:00:07.0: quirk: [io  0x4100-0x410f] claimed by PIIX4 SMB
[    2.582770] ACPI: PCI Interrupt Link [LNKA] (IRQs 5 9 10 *11)
[    2.593195] ACPI: PCI Interrupt Link [LNKB] (IRQs 5 9 *10 11)
[    2.596794] ACPI: PCI Interrupt Link [LNKC] (IRQs 5 *9 10 11)
[    2.600568] ACPI: PCI Interrupt Link [LNKD] (IRQs 5 9 10 *11)
[    2.611193] ACPI: Enabled 2 GPEs in block 00 to 07
[    2.614235] vgaarb: setting as boot device: PCI:0000:00:02.0
[    2.616925] vgaarb: device added: PCI:0000:00:02.0,decodes=io+mem,owns=io+mem,locks=none
[    2.627667] vgaarb: loaded
[    2.676871] vgaarb: bridge control possible 0000:00:02.0
[    2.704428] SCSI subsystem initialized
[    2.713154] ACPI: bus type USB registered
[    2.715546] usbcore: registered new interface driver usbfs
[    2.718311] usbcore: registered new interface driver hub
[    2.720670] usbcore: registered new device driver usb
[    2.723486] PCI: Using ACPI for IRQ routing
[    2.732836] NetLabel: Initializing
[    2.768126] NetLabel:  domain hash size = 128
[    2.797551] NetLabel:  protocols = UNLABELED CIPSOv4
[    2.802087] NetLabel:  unlabeled traffic allowed by default
[    2.804887] amd_nb: Cannot enumerate AMD northbridges
[    2.812972] clocksource: Switched to clocksource kvm-clock
[    2.823548] AppArmor: AppArmor Filesystem Enabled
[    2.4851] pnp: Pn ACPI init
[   2.914718] pnp: PnP ACPI: found 3 devices
[    2.982477] clocksource: acpi_pm: mask: 0xffffff max_cycles: 0xffffff, max_idle_ns: 2085701024 ns
[    2.985251] NET: Registered protocol family 2
[    2.986891] TCP establishd shab eris: 82 rd: 4 65536 bytes)

[    3.609735] TCP bind hash tblenie: 92 (order: 5, 131072 bytes)
[    3.914273] TCP: Hash tables configured (established 8192 bind 8192)
[    3.915867] UDP hash table entries: 512 (order: 2, 16384 bytes)
[    3.917454] UDP-Lite hash table entries: 512 (order: 2, 16384 bytes)
[    3.919057] NET: Registered protocol family 1
[    3.920279] pci 0000:00:00.0: Limiting direct PCI/PCI transfers
[    3.921886] pci 0000:00:01.0: ActivatingISA D hg rkous    4523]npki itrmfs..
[    5.339314] Freeing initrd memory: 14828K
[    5.365794] platform rtc_cmos: registered platform RTC device (no PNP device found)
[    5.395498] Scanning for low memory corruption every 60 seconds
[    5.470892] audit: initializing netlink subsys (disabled)
[    5.509372] audit: type=2000 audit(1559546628.673:1): initialized
[    5.512332] Initialise system trusted keyring
[    5.514816] HugeTLB registered 2 MB page size, pre-allocated 0 pages
[    5.597431]zb: ad
[   .8678VFS: Disk quotas dquot_6.
[  6339] VFS: Dquot-cache hash tablenie 5 (de 0 4096 bytes)
[    6.967308] tsc: Refined TSC clocksource calibration: 2496.148 MHz
[    6.969032] clocksource: tsc: mask: 0xffffffffffffffff max_cycles: 0x23fb032efd8, max_idle_ns: 440795284444 ns
[    6.972168] squashfs: version 4.0 (2009/01/31) Phillip Lougher
[    6.974177] fuse init (API version 7.23)
[    6.975464] Key type big_key registered
[    6.976511] Allocating IMA MOK and blacklist keyrings.
[    6.980817] Key type asymmetric registered
[    7.004764] Asymmetric key parser 'x509' registered
[    7.063838] Block layer SCSI generic (bsg) driver version 0.4 loaded (major 249)
[    7.135533] io scheduler noop registered
[    7.160320] io schedulereadline registered (default)
[    7.236152] io scheduler cfq rgistered
[    7.278629] pci_hotplug: PCI Hot Plu PCI Core version: 0.5
[    7.307470] pciehp: PCI Express Hot Plug Controller Driver version: 0.4
[    7.309373] ACPI: AC Adapter [AC] (off-line)
[    7.310596] input: weBuon as /vis/XSTM0/LPWRBN00nput/np0
[    8.232072] ACPI: Power Button [PWRF]
[    8.235322] input: Sleep Button as /devices/LNXSYSTM:00/LNXSLPBN:00/input/input1
[    8.240637] ACPI: Sleep Button [SLPF]
[    8.277085] GHES: HEST is not enabled!
[    8.278789] ACPI: Battery Slot [BAT0] (battery present)
[    8.282129] Serial: 8250/16550 driver, 32 ports, IRQ sharing enabled
[  832754] 0:02tt0  I 0f8irq= 44, base_baud = 115200) is a 16550A
[    8.969790] Linux agpgart interface v0.103
[    9.009563] loop: module loaded
[    9.034609] scsi host0: ata_piix
[    9.036705] scsi host1: ata_piix
[    9.088721] ata1: PATA max UDMA/33 cmd 0x1f0 ctl 0x3f6 bmdma 0xd000 irq 14
[    9.091241] ata2: PATA max UDMA/33 cmd 0x170 ctl 0x376 bmdma 0xd008 irq 15
[    9.093941] libphy: Fixed MDIO Bus: probed
[    9.095934] tun: Universal TUN/TAP device driver, 1.6
[    9.195180] tun: (C) 1999-2004 Max Krasnyansky <maxk@qualcomm.com>
[    9.216778] PPP generic driver version 2.4.2
[    9.282950] ehci_hcd: USB 2.0 'Enhanced' Host Controller (EHCI) Driver
[    9.308102] ehci-pci: EHCI PCI platform driver
[    9.323700] ehci-platform: EHCI generic platform driver
[    9.341429] ohci_hcd: USB 1.1 'Open' Host Controller (OHCI) Driver
[    9.352496] ohci-pci: OHCI PCI platform driver
[    9.360835] ohci-platform: OHCI generic platform driver
[    9.362463] uhci_hcd: USB Universal Host Controller Interface driver
[    9.364328] i8042: PNP: PS/2 Controller [PNP0303:PS2K,PNP0f03:PS2M] at 0x60,0x64 irq 1,12
[    9.367320] serio: i8042 KBD port at 0x60,0x64 irq 1
[    9.384031] serio: i8042 AUX port at 0x60,0x64 irq 12
[    9.386401] mousedev: PS/2 mouse device common for all mice
[    9.395842] input: AT Translated Set 2 keyboard as /devices/platform/i8042/serio0/input/input2
[    9.399201] rtc_cmos rtc_cmos: rtc core: registered rtc_cmos as rtc0
[    9.401322] rtc_cmos rtc_cmos: alarms up to one day, 114 bytes nvram
[    9.402850] i2c /dev entries driver
[    9.403882] device-mapper: uevent: version 1.0.3
[    9.413083] device-mapper: ioctl: 4.34.0-ioctl (2015-10-28) initialised: dm-devel@redhat.com
[    9.416120] ledtrig-cpu: registered to indicate activity on CPUs
[    9.418704] NET: Registered protocol family 10
[    9.420329] NET: Registered protocol family 17
[    9.421430] Key type dns_resolver registered
[    9.423166] registered taskstats version 1
[    9.424293] Loading compiled-in X.509 certificates
[    9.426266] Loaded X.509 cert 'Build time autogenerated kernel key: 4dcb2dc2c7cf43e0c20c44384f68683c20294489'
[    9.428642] zswap: loaded using pool lzo/zbud
[    9.432003] Key type trusted registered
[    9.437698] Key type encrypted registered
[    9.439324] AppArmor: AppArmor sha1 policy hashing enabled
[    9.441265] ima: No TPM chip found, activating TPM-bypass!
[    9.443337] ima: Allocated hash algorithm: sha1
[    9.445051] evm: HMAC attrs: 0x1
[    9.447057]   Magic number: 7:786:368
[    9.448705] rtc_cmos rtc_cmos: setting system clock to 2019-06-03 07:23:49 UTC (1559546629)
[    9.452062] BIOS EDD facility v0.16 2004-Jun-25, 0 devices found
[    9.454206] EDD information not available.
[    9.457982] Freeing unused kernel memory: 1484K
[    9.473611] Write protecting the kernel read-only data: 14336k
[    9.475918] Freeing unused kernel memory: 1620K
[    9.477336] Freeing unused kernel memory: 68K
Loading, please wait...
starting version 229
[    9.493740] random: systemd-udevd: uninitialized urandom read (16 bytes read, 5 bits of entropy available)
[    9.494338] random: udevadm: uninitialized urandom read (16 bytes read, 5 bits of entropy available)
[    9.494369] random: udevadm: uninitialized urandom read (16 bytes read, 5 bits of entropy available)
[    9.505359] random: udevadm: uninitialized urandom read (16 bytes read, 5 bits of entropy available)
[    9.505420] random: udevadm: uninitialized urandom read (16 bytes read, 5 bits of entropy available)
[    9.505614] random: udevadm: uninitialized urandom read (16 bytes read, 5 bits of entropy available)
[    9.505684] random: udevadm: uninitialized urandom read (16 bytes read, 5 bits of entropy available)
[    9.505840] random: udevadm: uninitialized urandom read (16 bytes read, 5 bits of entropy available)
[    9.505919] random: udevadm: uninitialized urandom read (16 bytes read, 5 bits of entropy available)
[    9.505986] random: udevadm: uninitialized urandom read (16 bytes read, 5 bits of entropy available)
[    9.947124] Fusion MPT base driver 3.04.20
[    9.949042] Copyright (c) 1999-2008 LSI Corporation
[    9.962247] e1000: Intel(R) PRO/1000 Network Driver - version 7.3.21-k8-NAPI
[    9.976269] e1000: Copyright (c) 1999-2006 Intel Corporation.
[    9.996977] Fusion MPT SPI Host driver 3.04.20
[   10.011063] AVX2 version of gcm_enc/dec engaged.
[   10.013272] AES CTR mode by8 optimization enabled
[   10.217351] input: ImExPS/2 Generic Explorer Mouse as /devices/platform/i8042/serio1/input/input4
[   10.524313] e1000 0000:00:03.0 eth0: (PCI:33MHz:32-bit) 02:3a:f4:24:e2:72
[   10.536258] e1000 0000:00:03.0 eth0: Intel(R) PRO/1000 Network Connection
[   10.573882] mptbase: ioc0: Initiating bringup
[   10.573942] e1000 0000:00:03.0 enp0s3: renamed from eth0
[   11.099590] ioc0: LSI53C1030 A0: Capabilities={Initiator}
[   12.598255] scsi host2: ioc0: LSI53C1030 A0, FwRev=00000000h, Ports=1, MaxQ=256, IRQ=20
[   13.204876] scsi 2:0:0:0: Direct-Access     VBOX     HARDDISK         1.0  PQ: 0 ANSI: 5
[   13.967672] scsi target2:0:0: Beginning Domain Validation
[   13.970369] scsi target2:0:0: Domain Validation skipping write tests
[   13.978124] scsi target2:0:0: Ending Domain Validation
[   13.979681] scsi target2:0:0: asynchronous
[   13.987104] scsi 2:0:1:0: Direct-Access     VBOX     HARDDISK         1.0  PQ: 0 ANSI: 5
[   13.989169] scsi target2:0:1: Beginning Domain Validation
[   13.991379] scsi target2:0:1: Domain Validation skipping write tests
[   13.992991] scsi target2:0:1: Ending Domain Validation
[   13.994396] scsi target2:0:1: asynchronous
[   14.003924] sd 2:0:0:0: [sda] 20971520 512-byte logical blocks: (10.7 GB/10.0 GiB)
[   14.004011] sd 2:0:0:0: Attached scsi generic sg0 type 0
[   14.026052] sd 2:0:1:0: [sdb] 20480 512-byte logical blocks: (10.5 MB/10.0 MiB)
[   14.026070] sd 2:0:1:0: Attached scsi generic sg1 type 0
[   14.026318] sd 2:0:1:0: [sdb] Write Protect is off
[   14.026425] sd 2:0:1:0: [sdb] Incomplete mode parameter data
[   14.026426] sd 2:0:1:0: [sdb] Assuming drive cache: write through
[   14.036141] sd 2:0:1:0: [sdb] Attached SCSI disk
[   14.173975] sd 2:0:0:0: [sda] Write Protect is off
[   14.192029] sd 2:0:0:0: [sda] Incomplete mode parameter data
[   14.194039] sd 2:0:0:0: [sda] Assuming drive cache: write through
[   14.207678]  sda: sda1
[   14.256432] sd 2:0:0:0: [sda] Attached SCSI disk
Begin: Loading essential drivers[   16.048845] md: linear personality registered for level -1
 ... [   16.104323] md: multipath personality registered for level -4
[   16.111137] md: raid0 personality registered for level 0
[   16.176467] md: raid1 personality registered for level 1
[   16.253367] raid6: sse2x1   gen()  6814 MB/s
[   16.333401] raid6: sse2x1   xor()  3719 MB/s
[   16.429048] raid6: sse2x2   gen()  6110 MB/s
[   16.541498] raid6: sse2x2   xor()  4293 MB/s
[   16.609037] raid6: sse2x4   gen()  7132 MB/s
[   16.709160] raid6: sse2x4   xor()  4914 MB/s
[   16.849014] raid6: avx2x1   gen() 10125 MB/s
[   16.917048] raid6: avx2x2   gen() 11877 MB/s
[   16.985238] raid6: avx2x4   gen() 12775 MB/s
[   17.008324] raid6: using algorithm avx2x4 gen() 12775 MB/s
[   17.010459] raid6: using avx2x2 recovery algorithm
[   17.014966] xor: automatically using best checksumming function:
[   17.053215]    avx       : 13625.000 MB/sec
[   17.076564] async_tx: api initialized (async)
[   17.111819] md: raid6 personality registered for level 6
[   17.114229] md: raid5 personality registered for level 5
[   17.159523] md: raid4 personality registered for level 4
[   17.215824] md: raid10 personality registered for level 10
done.
Begin: Running /scripts/init-premount ... done.
Begin: Mounting root file system ... Begin: Running /scr[   17.293694] Btrfs loaded
ipts/local-top ... done.
Begin: Running /scripts/local-premount ... Scanning for Btrfs filesystems
done.
Warning: fsck not present, so skipping root file system
[   17.341555] EXT4-fs (sda1): mounted filesystem with ordered data mode. Opts: (null)
done.
Begin: Running /scripts/local-bottom ... done.
Begin: Running /scripts/init-bottom ... done.
[   17.525851] systemd[1]: systemd 229 running in system mode. (+PAM +AUDIT +SELINUX +IMA +APPARMOR +SMACK +SYSVINIT +UTMP +LIBCRYPTSETUP +GCRYPT +GNUTLS +ACL +XZ -LZ4 +SECCOMP +BLKID +ELFUTILS +KMOD -IDN)
[   17.655883] systemd[1]: Detected virtualization oracle.
[   17.689337] systemd[1]: Detected architecture x86-64.

Welcome to [1mUbuntu 16.04.6 LTS[0m!

[   17.697638] systemd[1]: Set hostname to <ubuntu>.
[   17.703384] systemd[1]: Initializing machine ID from random generator.
[   17.706326] systemd[1]: Installed transient /etc/machine-id file.
[ 17.988993] systemd[1]: Listening on Jonal Audit Socket.
[[0;32m  OK  [0m] Listening on Journal Audit Socket.
[   18.490479] systemd[1]: Reached target Encrypted Volumes.
[[0;32m  OK  [0m] Reached target Encrypted Volumes.
[   18.497843] syem1]: Listening on Device-mapper event daemon FIFOs.
[[0;32m  OK  [0m] Listening on Device-mapper event daemon FIFOs.
[  1.7570] systemd[1: Reached target wap.
[[0;32m  OK  [0m] Reached target Swap.
[ 1930502]ysmd]:reatesle erndesion Sic
[[0;32m  OK  [0m] Created slice User and Session Slice.
[   20.086775] systemd[1]: Listening on Journal Socket.
[[0;32m  OK  [0m] Listening on Journal Socket.
[   20.090699] systemd[1]: Listening on LVM2 poll daemon socket.
[[0;32m  OK  [0m] Listening on LVM2 poll daemon socket.
[   20.094948] systemd[1]: Listening on udev Kernel Socket.
[[0;32m  OK  [0m] Listening on udev Kernel Socket.
[  29973 sstd[: acd rg Syte Time Synchronized.

[[0;32m  OK  [0m] Reached target System Time Synchronized.
[   21.790934] system[1]: Started Trierreolvconfpde r twkdNS
[[0;32m  OK  [0m] Started Trigger resolvconf update for networkd DNS.
[ 2258935] systemd[1]: Listening on Journal Socket (/dev/log).
[[0;32m  OK  [0m] Listening on Journal Socket (/dev/log).
[ 22.837839] systemd[1]: Reached target User and Group Name Lookups.
[[0;32m  OK  [0m] Reached target User and Group Name Lookups.
[   22.915436] systemd[1]: Created slice System Slice.
[[0;32m  OK  [0m] Created slice System Slice.

[   22.929995] systemd[1]: Starting Set console keymap...
         Starting Set console keymap...
[   22.933201] systemd[1]: Created slice system-serial\x2dgetty.slice.
[[0;32m  OK  [0m] Created slice system-serial\x2dgetty.slice.
[   22.937230] random: nonblocking pool is initialized
[   22.938003] systemd[1]: Starting Remount Root and Kernel File Systems...
[   22.943342] EXT4-fs (sda1): re-mounted. Opts: (null)
         Starting Remount Root and Kernel File Systems...
[   22.960835] systemd[1]: Mounting Huge Pages File System...
         Mounting Huge Pages File System...
[   22.963995] systemd[1]: Reached target Slices.
[[0;32m  OK  [0m] Reached target Slices.
[   23.049330] systemd[1]: Mounting Debug File System...
         Mounting Debug File System...
[  2.096 ste[1: t  aomontrbtrary Executable File Formats File System Automount Point.
[[0;32m  OK  [0m] Set up automount Arbitrary Executab...ats File System Automount Point.
[   23.917751] systemd[1]: Mounting POSIX Message Queue File System...
         Mounting POSIX Message Queue File System...
[   23.959280] systemd[1]: Listening on udev Control Socket.
[[0;32m  OK  [0m] Listening on udev Control Socket.
[   23.993844] systemd[1]: Starting Load Kernel Modules...
         Starting Load Kernel Modules...
[   23.997792] systemd[1]: Starting Create list of required static device nodes for the current kernel...
         Starting Create list of required st... nodes for the current kernel...
[   24.004638] systemd[1]: Starting Nameserver information manager...
         Starting Nameserver information manager...
[   24.009895] systemd[1]: Listening on LVM2 metadata daemon socket.
[[0;32m  OK  [0m] Listening on LVM[   24.015710] Loading iSCSI transport class v2.0-870.
2 metadata daemon socket.
[   24.023261] systemd[1]: Starting Monitoring of LVM2 mirrors, snapshots etc. using dmeventd or progress polling...
         Starting Monitoring of LVM2 mirrors... dmeventd or progress polling...
[   24.072195] systemd[1]: Starting Uncomplicated firewall...
         Starting Uncomplicated firewall...
[   24.081204] systemd[1]: Listening on /dev/initctl Compatibility Named Pipe.
[[0;32m  OK  [0[   24.095446] iscsi: registered transport (tcp)
m] Listening on /dev/initctl Compatibility Named Pipe.
[   24.135896] systemd[1]: Listening on Syslog Socket.
[[0;32m  OK  [0m] Listening on Syslog Socket.
[   24.157602] systemd[1]: Starting Journal Service...
         Starting Journal Service...
[   24.186488] systemd[1]: Started Forward Password Requests to Wall Directory Watch.
[[0;32m  OK  [0m] Started Forward Password Requests to Wall Directory Watch.
[   24.203147] iscsi: registered transport (iser)
[   24.215086] systemd[1]: Mounted POSIX Message Queue File System.
[[0;32m  OK  [0m] Mounted POSIX Message Queue File System.
[   24.238184] systemd[1]: Mounted Debug File System.
[[0;32m  OK  [0m] Mounted Debug File System.
[   24.251302] systemd[1]: Mounted Huge Pages File System.
[[0;32m  OK  [0m] Mounted Huge Pages File System.
[   24.258898] systemd[1]: Started Journal Service.
[[0;32m  OK  [0m] Started Journal Service.
[[0;32m  OK  [0m] Started Set console keymap.
[[0;32m  OK  [0m] Started Remount Root and Kernel File Systems.
[[0;32m  OK  [0m] Started Load Kernel Modules.
[[0;32m  OK  [0m] Started Create list of required sta...ce nodes for the current kernel.
[[0;32m  OK  [0m] Started Uncomplicated firewall.
[[0;32m  OK  [0m] Started Nameserver information manager.
[[0;32m  OK  [0m] Started LVM2 metadata daemon.
         Starting Create Static Device Nodes in /dev...
         Mounting FUSE Control File System...
         Starting Apply Kernel Variables...
         Starting Load/Save Random Seed...
         Starting udev Coldplug all Devices...
         Starting Flush Journal to Persistent Storage...
[[0;32m  OK  [0m] Mounted FUSE Control File System.
[[0;32m  OK  [0m] Started Create Static Device Nodes in /dev.
[[0;32m  OK  [0m] Started Apply Kernel Variables.
[[0;32m  OK  [0m] Started Load/Save Random Seed.
[[0;32m  OK  [0m] Started Flush Journal to Persistent Storage.
[[0;32m  OK  [0m] Started udev Coldplug all Devices.
         Starting udev Kernel Device Manager...
[[0;32m  OK  [0m] Started Monitoring of LVM2 mirrors,...ng dmeventd or progress polling.
[[0;32m  OK  [0m] Started udev Kernel Device Manager.
[[0;32m  OK  [0m] Started Dispatch Password Requests to Console Directory Watch.
[[0;32m  OK  [0m] Reached target Local File Systems (Pre).
[[0;32m  OK  [0m] Reached target Local File Systems.
         Starting Initial cloud-init job (pre-networking)...
         Starting Tell Plymouth To Write Out Runtime Data...
         Starting Create Volatile Files and Directories...
         Starting Commit a transient machine-id on disk...
         Starting Set console font and keymap...
         Starting LSB: AppArmor initialization...
[[0;32m  OK  [0m] Started Tell Plymouth To Write Out Runtime Data.
[[0;32m  OK  [0m] Started Create Volatile Files and Directories.
[[0;32m  OK  [0m] Started Commit a transient machine-id on disk.
         Starting Update UTMP about System Boot/Shutdown...
[[0;32m  OK  [0m] Started Update UTMP about System Boot/Shutdown.
[[0;32m  OK  [0m] Found device /dev/ttyS0.
[[0;32m  OK  [0m] Listening on Load/Save RF Kill Switch Status /dev/rfkill Watch.
[[0;32m  OK  [0m] Started LSB: AppArmor initialization.
[   25.281928] cloud-init[472]: Cloud-init v. 18.5-45-g3554ffe8-0ubuntu1~16.04.1 running 'init-local' at Mon, 03 Jun 2019 07:24:07 +0000. Up 24.68 seconds.
[[0;32m  OK  [0m] Started Initial cloud-init job (pre-networking).
[[0;32m  OK  [0m] Started Set console font and keymap.
[[0;32m  OK  [0m] Created slice system-getty.slice.
[[0;32m  OK  [0m] Reached target Network (Pre).
         Starting Raise network interfaces...
[[0;32m  OK  [0m] Started Raise network interfaces.
[[0;32m  OK  [0m] Reached target Network.
         Starting Initial cloud-init job (metadata service crawler)...
[   28.030974] cloud-init[933]: Cloud-init v. 18.5-45-g3554ffe8-0ubuntu1~16.04.1 running 'init' at Mon, 03 Jun 2019 07:24:09 +0000. Up 26.81 seconds.
[   28.035587] cloud-init[933]: ci-info: ++++++++++++++++++++++++++++++++++++++Net device info++++++++++++++++++++++++++++++++++++++
[   28.165082] cloud-init[933]: ci-info: +--------+------+----------------------------+---------------+--------+-------------------+
[[0;32m  OK  [0m] Started Initial cloud-init job (metadata service crawler).
[[0;32m  OK  [0m] Reached target Cloud-config availability.
[   28.245296] [[0;32m  OK  [0m] Reached target System Initialization.
[[0;32m  OK  [0m] Listening on ACPID Listen Socket.
[[0;32m  OK  [0m] Listening on D-Bus System Message Bus Socket.
         Starting Socket activation for snappy daemon.
cloud-init[933]: ci-info: | Device |  Up  |          Address           |      Mask     | Scope  |     Hw-Address    |
[   28.721586] [[0;32m  OK  [0m] Started ACPI Events Check.
[[0;32m  OK  [0m] Reached target Paths.
cloud-init[933]: ci-info: +--------+------+----------------------------+---------------+--------+-------------------+
[   28.789505]          Starting LXD - unix socket.
[[0;32m  OK  [0m] Started Daily apt download activities.
[[0;32m  OK  [0m] Started Daily apt upgrade and clean activities.
[[0;32m  OK  [0m] Listening on UUID daemon activation socket.
[[0;32m  OK  [0m] Started Daily Cleanup of Temporary Directories.
[[0;32m  OK  [0m] Reached target Timers.
[[0;32m  OK  [0m] Reached target Network is Online.
cloud-init[933]: ci-info: | enp0s3 | True |         10.0.2.15          | 255.255.255.0 | global | 02:3a:f4:24:e2:72 |
         Starting iSCSI initiator daemon (iscsid)...
[   28.819925] [[0;32m  OK  [0m] Listening on Socket activation for snappy daemon.
cloud-init[933]: ci-info: | enp0s3 | True | fe80::3a:f4ff:fe24:e272/64 |       .       |  link  | 02:3a:f4:24:e2:72 |
[   28.937125] [[0;32m  OK  [0m] Listening on LXD - unix socket.
cloud-init[933]: ci-info: |   lo   | True |         127.0.0.1          |   255.0.0.0   |  host  |         .         |
[   28.966794] cloud-init[933]: ci-info: |   lo   | True |          ::1/128           |       .       |  host  |         .         |
[   28.977913] cloud-init[933]: ci-info: +--------+------+----------------------------+---------------+--------+-------------------+
[   29.084867] [[0;32m  OK  [0m] Started iSCSI initiator daemon (iscsid).
cloud-init[933]: ci-info: +++++++++++++++++++++++++++Route IPv4 info++++++++++++++++++++++++++++
[   29.116179]          Starting Login to default iSCSI targets...
[[0;32m  OK  [0m] Reached target Sockets.
[[0;32m  OK  [0m] Reached target Basic System.
cloud-init[933]: ci-info: +-------+-------------+----------+---------------+-----------+-------+
[   29.131350] [[0;32m  OK  [0m] Started ACPI event daemon.
cloud-init[933]: ci-info: | Route | Destination | Gateway  |    Genmask    | Interface | Flags |
         Starting System Logging Service...
         Starting LSB: Record successful boot for GRUB...
[[0;32m  OK  [0m] Started Unattended Upgrades Shutdown.
[[0;32m  OK  [0m] Started D-Bus System Message Bus.
[   29.142424] cloud-init[933]: ci-info: +-------+-------------+----------+---------------+-----------+-------+
[   29.172708] cloud-init[933]: ci-info: |   0   |   0.0.0.0   | 10.0.2.2 |    0.0.0.0    |   enp0s3  |   UG  |
[   29.192916] cloud-init[933]: ci-info: |   1   |   10.0.2.0  | 0.0.0.0  | 255.255.255.0 |   enp0s3  |   U   |
[   29.203684] cloud-init[933]: ci-info: +-------+-------------+----------+---------------+-----------+-------+
[   29.223181] cloud-init[933]: ci-info: +++++++++++++++++++Route IPv6 info+++++++++++++++++++
[   29.257005] cloud-init[933]: ci-info: +-------+-------------+---------+-----------+-------+
[   29.292331]          Starting /etc/rc.local Compatibility...
cloud-init[933]: ci-info: | Route | Destination | Gateway | Interface | Flags |
         Starting LXD - container startup/shutdown...
[   29.299524] cloud-init[933]: ci-info: +-------+-------------+---------+-----------+-------+
[   29.366480] [[0;32m  OK  [0m] Started FUSE filesystem for LXC.
cloud-init[933]: ci-info: |   0   |  fe80::/64  |    ::   |   enp0s3  |   U   |
[   29.391511] cloud-init[933]: ci-info: |   3   |   ff00::/8  |    ::   |   enp0s3  |   U   |
[   29.392714] cloud-init[933]: ci-info: +-------+-------------+---------+-----------+-------+
[   29.394609] cloud-init[933]: Generating public/private rsa key pair.
         Starting Pollinate to seed the pseudo random number generator...
[   29.395018] cloud-init[933]: Your identification has been saved in /etc/ssh/ssh_host_rsa_key.
[   29.498330] [[0;32m  OK  [0m] Started Deferred execution scheduler.
         Starting Login Service...
cloud-init[933]: Your public key has been saved in /etc/ssh/ssh_host_rsa_key.pub.
[   29.519227]          Starting Virtualbox guest utils...
         Starting LSB: MD monitoring daemon...
cloud-init[933]: The key fingerprint is:
         Starting Accounts Service...[   29.539343] cloud-init[933]: SHA256:5Iims7ikEAylvqqMTezmTiFupe1JqG5QXthzQF8sHVM root@ubuntu-xenial
[   29.544550] cloud-init[933]: The key's randomart image is:
[   29.544754] cloud-init[933]: +---[RSA 2048]----+
[   29.545034] cloud-init[933]: |  ...  o+oE      |
[   29.545214] cloud-init[933]: | o  ....o.       |
[   29.545385] cloud-init[933]: |o  o ....        |
[   29.545570] cloud-init[933]: |+ o +..+         |
[   29.545812] cloud-init[933]: |o=.ooo. S        |
[   29.546860] cloud-init[933]: |o+B+             |
[   29.547063] cloud-init[933]: |oB*o             |
[   29.547240] cloud-init[933]: |XB+o.            |
[   29.547410] cloud-init[933]: |%B*o             |
[   29.547582] cloud-init[933]: +----[SHA256]-----+
[   29.547841] cloud-init[933]: Generating public/private dsa key pair.
[   29.548027] cloud-init[933]: Your identification has been saved in /etc/ssh/ssh_host_dsa_key.
[   29.548212] cloud-init[933]: Your public key has been saved in /etc/ssh/ssh_host_dsa_key.pub.

[   29.555188] cloud-init[933]: The key fingerprint is:
[   29.644606] cloud-init[933]: SHA256:Ka5WJT7Rpjn/uQzJXkNJ2S74ALNpAtnfHZywRII2qb0 root@ubuntu-xenial
[   29.649676] cloud-init[933]: The key's randomart image is:
[[0;32m  OK  [0m] Started Regular background program processing daemon.
[   29.659745] cloud-init[933]: +---[DSA 1024]----+
[   29.673062]          Starting Snappy daemon...
cloud-init[933]: |     o..+        |
[   29.677467] [[0;32m  OK  [0m] Started System Logging Service.
[[0;32m  OK  [0m] Started /etc/rc.local Compatibility.
cloud-init[933]: |   o=  o + +     |
[[   29.692890] cloud-init[933]: |  o+..o.. * .    |
[   29.693909] cloud-init[933]: |  ....o*+= +     |
[0;32m  OK  [0m] Started LXD - container startup/shutdown.
[   29.696790] cloud-init[933]: |    .o*BS = .    |
[   29.722489] cloud-init[933]: |    E+Bo = .     |
[   29.732716] cloud-init[933]: |     ..++ +      |
[   29.743224] cloud-init[933]: |    .. ..+ o     |
[   29.747599] cloud-init[933]: |   ..   ..=.     |
[   29.751444] cloud-init[933]: +----[SHA256]-----+
[   29.758754] cloud-init[933]: Generating public/private ecdsa key pair.
[   29.762627] cloud-init[933]: Your identification has been saved in /etc/ssh/ssh_host_ecdsa_key.
[   29.785251] cloud-init[933]: Your public key has been saved in /etc/ssh/ssh_host_ecdsa_key.pub.
[   29.785591] cloud-init[933]: The key fingerprint is:
[   29.785814] cloud-init[933]: SHA256:rhLRtsyI8BKcHcybwpnV/4UjxhqpPDKIl+r17OYhJMI root@ubuntu-xenial
[[0;32m  OK  [0m] Started Login to default iSCSI targets.
[   29.801194] cloud-init[933]: The key's randomart image is:
[   29.854063] cloud-init[933]: +---[ECDSA 256]---+
[   29.869205] cloud-init[933]: |  o .            |
[   29.876441] cloud-init[933]: |   = .           |
[   29.879849] cloud-init[933]: |o * +.+   .      |
[   29.892500] cloud-init[933]: |+B +.oo= o .     |
[[0;32m  OK  [0m] Started LSB: Record successful boot for GRUB.
[   29.917672] cloud-init[933]: |+Eo+.*+.S o      |
[   29.932600] [[0;32m  OK  [0m] Started Snappy daemon.
cloud-init[933]: |=oB+o.+. .       |
[   29.938696] cloud-init[933]: | +oo.o  .        |
[   29.942225] cloud-init[933]: |. . =...         |
[   29.951959] cloud-init[933]: |..  +*.          |
[   29.965184] cloud-init[933]: +----[SHA256]-----+
[   29.986070] [[0;32m  OK  [0m] Started Pollinate to seed the pseudo random number generator.
cloud-init[933]: Generating public/private ed25519 key pair.
[   30.016573] cloud-init[933]: Your identification has been saved in /etc/ssh/ssh_host_ed25519_key.
[   30.031370] [[0;32m  OK  [0m] Started LSB: MD monitoring daemon.
cloud-init[933]: Your public key has been saved in /etc/ssh/ssh_host_ed25519_key.pub.
[   30.037606] cloud-init[933]: The key fingerprint is:
[[0;32m  OK  [0m] Started Login Service.
[   30.070965] cloud-init[933]: SHA256:Jjn4hr03b3XJHzHQB/g6BTpcXnck/WRvePJOAj0PrtY root@ubuntu-xenial
[   30.091282] cloud-init[933]: The key's randomart image is:
         Starting Authenticate and Authorize Users to Run Privileged Tasks...
[   30.092972] cloud-init[933]: +--[ED25519 256]--+
[   30.154081]          Starting OpenBSD Secure Shell server...
cloud-init[933]: |             .++.|
[   30.180843]          cloud-initStarting Wait until snapd is fully seeded...[933]: 
|            +..oB|
[[0;32m  OK  [0m] Reached target Remote File Systems (Pre).
[[0;32m  OK  [0m] Reached target Remote File Systems.
[   30.220375] cloud-init[933]: |         . + =.==|
         Starting Permit User Sessions...
[   30.296137] cloud-init[933]:          Starting LSB: daemon to balance interrupts for SMP systems...
         Starting LSB: Set the CPU Frequency Scaling governor to "ondemand"...
         Starting LSB: automatic crash report generation...
[[0;32m  OK  [0m] Started Virtualbox guest utils.
[[0;32m  OK  [0m] Started Permit User Sessions.
[[0;32m  OK  [0m] Started Authenticate and Authorize Users to Run Privileged Tasks.
|     . .  + o Oo=|
[   30.440149] [[0;32m  OK  [0m] Started Accounts Service.
[[0;32m  OK  [0m] Started OpenBSD Secure Shell server.
cloud-init[933]: |    . + S  . * Xo|
[   30.446750] cloud-init[933]: |     + +    + *.+|
[   30.451345] cloud-init[933]: |    . +    . = =.|
[   30.455189] cloud-init[933]: |     . .o . o E o|
[   30.465967] cloud-init[933]: |      .. +..     |
[   30.469246] cloud-init[933]: +----[SHA256]-----+
[[0;32m  OK  [0m] Started LSB: Set the CPU Frequency Scaling governor to "ondemand".
         Starting Hold until boot process finishes up...
         Starting Terminate Plymouth Boot Screen...
[[0;32m  OK  [0m] Started Hold until boot process finishes up.
[[0;32m  OK  [0m] Started LSB: daemon to balance interrupts for SMP systems.
[[0;32m  OK  [0m] Started LSB: automatic crash report generation.
[[0;32m  OK  [0m] Started Terminate Plymouth Boot Screen.
[[0;32m  OK  [0m] Started Getty on tty1.
         Starting Set console scheme...
[[0;32m  OK  [0m] Started Serial Getty on ttyS0.
[[0;32m  OK  [0m] Reached target Login Prompts.
[[0;32m  OK  [0m] Started Set console scheme.
[[0;32m  OK  [0m] Started Wait until snapd is fully seeded.
[[0;32m  OK  [0m] Reached target Multi-User System.
[[0;32m  OK  [0m] Reached target Graphical Interface.
         Starting Update UTMP about System Runlevel Changes...
         Starting Apply the settings specified in cloud-config...
[[0;32m  OK  [0m] Started Update UTMP about System Runlevel Changes.
[   32.060190] cloud-init[1269]: Generating locales (this might take a while)...
[   33.114780] cloud-init[1269]:   en_US.UTF-8... done
[   33.116470] cloud-init[1269]: Generation complete.
[   33.480843] cloud-init[1269]: Cloud-init v. 18.5-45-g3554ffe8-0ubuntu1~16.04.1 running 'modules:config' at Mon, 03 Jun 2019 07:24:14 +0000. Up 31.91 seconds.
[[0;32m  OK  [0m] Started Apply the settings specified in cloud-config.
         Starting Execute cloud user/final scripts...
[[0;32m  OK  [0m] Created slice User Slice of vagrant.
         Starting User Manager for UID 1000...
[[0;32m  OK  [0m] Started Session 1 of user vagrant.
[[0;32m  OK  [0m] Started User Manager for UID 1000.
ci-info: no authorized ssh keys fingerprints found for user ubuntu.
<14>Jun  3 07:24:16 ec2: 
<14>Jun  3 07:24:16 ec2: #############################################################
<14>Jun  3 07:24:16 ec2: -----BEGIN SSH HOST KEY FINGERPRINTS-----
<14>Jun  3 07:24:16 ec2: 1024 SHA256:Ka5WJT7Rpjn/uQzJXkNJ2S74ALNpAtnfHZywRII2qb0 root@ubuntu-xenial (DSA)
<14>Jun  3 07:24:16 ec2: 256 SHA256:rhLRtsyI8BKcHcybwpnV/4UjxhqpPDKIl+r17OYhJMI root@ubuntu-xenial (ECDSA)
<14>Jun  3 07:24:16 ec2: 256 SHA256:Jjn4hr03b3XJHzHQB/g6BTpcXnck/WRvePJOAj0PrtY root@ubuntu-xenial (ED25519)
<14>Jun  3 07:24:16 ec2: 2048 SHA256:5Iims7ikEAylvqqMTezmTiFupe1JqG5QXthzQF8sHVM root@ubuntu-xenial (RSA)
<14>Jun  3 07:24:16 ec2: -----END SSH HOST KEY FINGERPRINTS-----
<14>Jun  3 07:24:16 ec2: #############################################################
-----BEGIN SSH HOST KEY KEYS-----
ecdsa-sha2-nistp256 AAAAE2VjZHNhLXNoYTItbmlzdHAyNTYAAAAIbmlzdHAyNTYAAABBBCK2pAsdde38U/wK3n2uyV0T8VFopAX0bxhDW6Tzq/vIP8rFWulDFud6zHTYiMSSVo2wDCGO8NB6Y4TrgBHTwRs= root@ubuntu-xenial
ssh-ed25519 AAAAC3NzaC1lZDI1NTE5AAAAIN7ufs3Vt2+QBr/FT58Q3G7xvxKc7bEWifgdsFaOEYcA root@ubuntu-xenial
ssh-rsa AAAAB3NzaC1yc2EAAAADAQABAAABAQDNv3JVY5wJjdehoel9pUCTIqqMLk2HGyb3StixYWz31t2HKDO1FhZfzIWpMgTEdTMyCxRaACWmhRl3Fmr+aKqrfZr+dvj20c2d2IozLX452JHKhMBldWFpdHEEoEq6SjEB+5vvg5BXzhK8CkV/01oM/2UKOmE6tGkQW6iJ36Y8+zEPajtxWof4e4lF5JZZWrDvsnZm8hV+JN7cldIuylKJKpVkOAysS3lwSP6GJCLLkEaKH/wmCB93GVpBK/ntGyjjlxGVsqVzSyNafM8syq5qVl5YhG3PB5eM/NCykANeeX2ixxpwlbAAxibw8wsuPESu1sQ8vAzZUvgaIRTl/h0x root@ubuntu-xenial
-----END SSH HOST KEY KEYS-----
[   34.438581] cloud-init[1311]: Cloud-init v. 18.5-45-g3554ffe8-0ubuntu1~16.04.1 running 'modules:final' at Mon, 03 Jun 2019 07:24:16 +0000. Up 33.88 seconds.
[   34.444514] cloud-init[1311]: ci-info: no authorized ssh keys fingerprints found for user ubuntu.
[   34.448074] cloud-init[1311]: Cloud-init v. 18.5-45-g3554ffe8-0ubuntu1~16.04.1 finished at Mon, 03 Jun 2019 07:24:16 +0000. Datasource DataSourceNoCloud [seed=/dev/sdb][dsmode=net].  Up 34.42 seconds
[[0;32m  OK  [0m] Started Execute cloud user/final scripts.
[[0;32m  OK  [0m] Reached target Cloud-init target.

Ubuntu 16.04.6 LTS ubuntu-xenial ttyS0

ubuntu-xenial login: 