[    0.000000] Initializing cgroup subsys cpuset
[    0.000000] Initializing cgroup subsys cpu
[    0.000000] Initializing cgroup subsys cpuacct
[    0.000000] Linux version 4.4.0-154-generic (buildd@lgw01-amd64-049) (gcc version 5.4.0 20160609 (Ubuntu 5.4.0-6ubuntu1~16.04.10) ) #181-Ubuntu SMP Tue Jun 25 05:29:03 UTC 2019 (Ubuntu 4.4.0-154.181-generic 4.4.179)
[    0.000000]ommand line: BOOT_IMAGE=/boot/vmlinuz-4.4.0-154-generic root=UUID=28d3c93b-5156-41e4-82a5-4e94379b3b48 ro console=tty1 console=ttyS0
[    0.000000] KERNEL supported cpus:
[    0.000000]   Intel GenuineIntel
[    0.000000]   AMD AuthenticAMD
[    0.000000]   Centaur CentaurHauls
[    0.000000] x86/fpu: xstate_offseet[2]:  576, xstate_sizes[2]:  256
[    0.000000] x86/fpu: Supporting XSAVE feature 0x01: 'x87 floating point registers'
[    0.000000] x86/fpu: Supporting XSAVE feature 0x02: 'SSE registers'
[    0.000000] x86/fpu: Supporting XSAVE feature 0x04: 'AVX registers'
[    0.000000] x86/fpu: Enabled xstate features 0x7, context size is 832 bytes, using 'standard' format.
[    0.000000] e820: BIOS-provided physical RAM map:
[    0.000000] BIOS-e820: [m 0x0000000000000000-0x000000000009fbff] usable
[    0.000000] BIOS-e820: [mem 0x000000000009fc00-0x000000000009ffff] reserved
[    0.000000] BIOS-e820: [mem 0x00000000000f0000-0x00000000000fffff] reserved
[    0.000000] BIOS-e820: [mem 0x0000000000100000-0x000000007ffeffff] usable
[    0.000000] BIOS-e820: [mem 0x000000007fff0000-0x000000007fffffff] ACPI data
[    0.000000] BIOS-e820: [mem 0x00000000fec00000-0x00000000fec00fff] reserved
[    0.000000] BIOS-e820: [mem 0x00000000fee00000-0x00000000fee00fff] reserved
[    0.000000] BIOS-e820: [mem 0x00000000fffc0000-0x00000000ffffffff] reserved
[    0.000000] NX (Execute Disable) protection: active
[    0.000000] SMBIOS 2.5 present.
[    0.000000] Hypervisor detected: KVM
[    0.000000] e820: last_pfn = 0x7fff0 max_arch_pfn = 0x400000000
[    0.000000] MTRR: Disabled
[    0.000000] x86/PAT: MTRRs disabled, skipping PAT initialization too.
[    0.000000] CPU MTRRs all blank - virtualized system.
[    0.000000] x86/PAT: Configuration [0-7]: WB  WT  UUC- UC  WB  WT  UC- UC  
[    0.000000] found SMP MP-table at [mem 0x0009fff0-0x0009ffff] mapped at [ffff88000009fff0]
[    0.000000] Scanning 1 areas for low memory corruption
[    0.000000] RAMDISK: [mem 0x361ea000-0x370ecfff]
[    0.000000] ACPI: Early table checksum verification disabled
[    0.000000] ACPI: RSDP 0x00000000000E0000 000024 (v02 VBOX  )
[    0.000000] ACPI: XSDT 0x000000007FFF0030 00003C (v01 VBOX   VBOXXSDT 00000001 ASL  00000061)
[    0.000000] ACPI: FACP 0x000000007FFF00F0 0000F4 (v04 VBOX   VBOXFACP 00000001 ASL  00000061)
[    0.000000] ACPI: DSDT 0x000000007FFF0470 0021FF (v02 VBOX   VBOXBIOS 00000002 INTL 200528)
[    0.000000] ACPI: FACS 0x000000007FFF0200 000040
[    0.000000] ACPI: FACS 0x000000007FFF0200 000040
[    0.000000] ACPI: APIC 0x000000007FFF0240 00005C (v02 VBOX   VBOXAPIC 00000001 ASL  00000061)
[    0.000000] ACPI: SSDT 0x000000007FFF02A0 0001CC (v01 VBOX   VBOXCPUT 00000002 INTL 20100528)
[    0.000000] No NUMA configuration found
[    0.000000] Faking a node at [mem 0x0000000000000000-0x000000007ffeffff]
[    0.000000] NODE_DATA(0) allocated [mem 0x7ffeb000-0x7ffeffff]
[    0.000000] kvm-clock: Using msrs 4b564d01 and 4b564d00
[    0.000000] kvm-clock: cpu 0, msr 0:7ffe3001, primary cpu clock
[    0.000000] kvm-clock: using sched offset of 4979917925 cycles
[    0.000000] clocksource: kvm-clock: massk: 0xffffffffffffffff max_cycles: 0x1cd42e4dffb, max_idle_ns: 881590591483 ns
[    0.000000] Zone ranges:
[    0.000000]   DMA      [mem 0x0000000000001000-0x0000000000ffffff]
[    0.000000]   DMA32    [mem 0x0000000001000000-0x000000007ffeffff]
[    0.000000]   Normal   empty
[    0.000000]   Device   empty
[    0.000000] Movable zone start for each node
[    0.000000] Early memory node ranges
[    0.000000]   node   0: [mem 0x0000000000001000-0x000000000009efff]
[    0.000000]   node   0: [mem 0x0000000000100000-0x000000007ffeffff]
[    0.000000] Initmem setup node 0 [mem 0x0000000000001000-0x000000007ffeffff]
[    0.000000] ACPI: PM-Timer IO Port: 0x4008
[    0.000000] IOAPIC[0]: apic_id 2, version 32, address 0xfec00000, GSI 0-23
[    0.000000] ACPI: INT_SRC_OVR (bus 0 bus_irq 0 global_irq 2 dfl dfl)
[    0.000000] ACPI: INT_SRC_OVR (bus 0 bus_irq 9 global_irq 9 low level)
[    0.000000] Using ACPI (MADT) for SMP configuration information
[    0.000000] smpboot: Allowing 2 CPUs, 0 hotplug CPUs
[    0.000000] PM: Registered nosave memory: [mem 0x00000000-0x00000ff]
[    0.000000] PM: Registered nosave memory: [mem 0x0009f000-0x0009ffff]
[    0.000000] PM: Registered nosave memory: [mem 0x000a0000-0x000effff]
[    0.000000] PM: Registered nosave memory: [mem 0x000f0000-0x000fffff]
[    0.000000] e820: [mem 0x80000000-0xfebfffff] available for PCI devices
[    0.000000] Booting paravirtualized kernel on KVM
[    0.000000] clocksource: refined-jiffies: mask: 0xffffffff max_cycles: 0xffffffff, max_idle_ns: 764551960021156ns
[    0.000000] setup_percpu: NR_CPUS:512 nr_cpumask_bits:512 nr_cpu_ids:2 nr_node_ids:1
[    0.000000] PERCPU: Embedded 34 pages/cpu @ffff88007fc00000 s99480 r8192 d31592 u1048576
[    0.000000] Built 1 zonelists in Node order, mobility grouping on.  Total pages: 515960
[    0.000000] Policy zone: DMA32
[    0.000000] Kernel command line: BOOT_IMAGE=/boot/vmlinuz-4.4.0-154-generic root=UUID=28d3c93b-5156-41e4-82a5-4e94379b3b48 ro console=tty1 console=ttyS0
[    0.000000] PID hash table entries: 4096 (order: 3, 32768 bytes)
[    0.000000] Memory: 22029380K/2096696K available (8613K kernel code, 1335K rwdata, 4028K rodata, 1484K init, 1284K bss, 67316K reserved, 0K cma-reserved)
[    0.000000] SLUB: HWalign=64, Order=0-3, MinObjects=0, CPUs=2, Nodes=1
[    0.000000] Kernel/User page tables isolation: enabled
[    0.000000] Hierarchical RCU implementation.
[    0.000000] 	Build-time adjustment of leaf fanout to 64.
[    0.000000] 	RCU restricting CPUs from NR_CPUS=512 to nr_cpu_ids=2.
[   0.000000] RCU: Adjusting geometry for rcu_fanout_leaf=64, nr_cpu_ids=2
[    0.000000] NR_IRQS33024 nr_irqs:440 16
[    0.000000] Console: colour VGA+ 80x25
[    0.000000] console [tty1] enabled
[    0.000000] console [ttyS0] enabled
[    0.000000] tsc: Detected 2496.000 MHz processor
[    0.598963] Calibrating delay loop (skipped) preset value.. 4992.00 BogoMIPS (lpj=9984000)

[    0.601578] pid_max: default: 32768 minimum: 301
[    0.603047] ACPI: Core revision 20150930
[    0.606302] ACPI: 2 ACPI AML tables successfully acquired and loaded
[    0.608298] Security Framework initialized
[    0.609646] Yama: becoming mindful.
[    0.610855] AppArmor: AppArmor initialized
[    0.614267] Dentry cache hash table entries: 262144 (order: 9, 2097152 bytes)
[    0.624805] Inode-cache hash table entries: 131072 (order: 8, 1048576 bytes)
[    0.628455] Mount-cache hash table entries: 4096 (order: 3, 32768 bytes)
[    0.630021] Mountpoint-cache hash table entries: 4096 (order: 3, 32768 bytes)
[    0.631815] Initializing cgroup subsys io
[    0.633704] Initializing cgroup subsys memory
[    0.634990] Initializing cgroup subsys devices
[    0.636637] Initializing cgroup subsys freezer
[    0.638571] Initializing cgroup subsys net_cls
[    0.640001] Initializing cgroup subsys perf_event
[    0.641488] Initializing cgroup subsys net_prio
[    0.642902] Initializing cgroup subsys hugetlb
[    0.644087] Initializing cgroup subsys pids
[    0.646547] mce: CPU supports 0 MCE banks
[    0.647602] Last level iTLB entries: 4KB 64, 2MB 8, 4MB 8
[    0.649332] Last level dTLB entries: 4KB 64, 2MB 0, 4MB 0, 1GB 4
[    0.651205] Spectre V2 : Mitigation: Full generic retpoline
[    0.652568] Spectre V2 : Spectre v2 / SpectreRSB mitigation: Filling RSB on context switch
[    0.656077] Speculative Store Bypass: Vulnerable
[    0.658136] MDS: Vulnerable: Clear CPU buffers attempted, no microcode
[    0.663440] Freeing SMP alternatives memory: 36K
[    0.673161] ftrace: allocating 32299 entries in 127 pages
[    0.751546] smpboot: APIC(0) Converting physical 0 to logical package 0
[    0.754012] smpboot: Max logical packages: 1
[    0.755908] x2apic enabled
[    0.757046] Switched APIC routing to physical x2apic.
[    0.759698] ..TIMER: vector=0x30 apic1=0 pin1=2 apic2=-1 pin2=-1
[    0.866536] smpboot: CPU0: Intel(R) Core(TM) i5-6300U CPU @ 2.40GHz (family: 0x6, model: 0x4e, stepping: 0x3)
[    0.869567] Performance Events: unsupported p6 CPU model 78 no PMU driver, software events only.
[    0.892610] KVM setup paravirtual spinlock
[    0.897069] x86: Booting SMP configuration:
[    0.898533] .... node  #0, CPUs:      #1
[    0.901840] kvm-clock: cpu 1, msr 0:7ffe3041, secondary cpu clock
[    0.904930] mce: CPU supports 0 MCE banks
[    0.926754] x86: Booted up 1 node, 2 CPUs
[    0.928563] smpboot: Total of 2 processors activated (9984.00 BogoMIPS)
[    0.930862] devtmpfs: initialized
[    0.941966] evm: security.selinux
[    0.942980] evm: security.SMACK64
[    0.943884] evm: security.SMACK64EXEC
[    0.944837] evm: security.SMACK64TRANSMUTE
[    0.945871] evm: security.SMACK64MMAP
[    0.947029] evm: security.ima
[    0.948067] evm: security.capability
[    0.949713] clocksource: jiffies: mask: 0xffffffff max_cycles: 0xffffffff, max_idle_ns: 7645041785100000 ns
[    0.952793] futex hash table entries: 512 (order: 3, 32768 bytes)
[    0.954232] pinctrl core: initialized pinctrl subsystem
[    0.955531] RTC time:  8:44:16, date: 07/02/19
[    0.956707] NET: Registered protocol family 16
[    0.968062] cpuidle: using governor ladder
[    0.983638] cpuidle: using governor menu
[    0.984807] PCCT header not found.
[    0.985768] ACPI: bus type PCI registered
[    0.986836] acpiphp: ACPI Hot Plug PCI Controller Driver version: 0.5
[    0.988367] PCI: Using configuration type 1 for base access
[    1.005704] ACPI: Added _OSI(Module Device)
[    1.006879] ACPI: Added _OSI(Processor Device)
[    1.007901] ACPI: Added _OSI(3.0 _SCP Extensions)
[    1.008952] ACPI: Added _OSI(Processor Aggregator Device)
[    1.010900] ACPI: Executed 1 blocks of module-level executable AML code
[    1.014365] ACPI: Interpreter enabled
[    1.021477] ACPI: (supports S0 S5)
[    1.022310] ACPI: Using IOAPIC for interrupt routing
[    1.023661] PCI: Using host bridge windows from ACPI; if necessary, use "pci=nocrs" and report a bug
[    1.029186] ACPI: PCI Root Bridge [PCI0] (domain 0000 [bus 00-ff])
[    1.030627] acpi PNP0A03:00: _OSC: OS supports [ASPM ClockPM Segments MSI]
[    1.039305] acpi PNP0A03:00: _OSC: not requesting OS control; OS requires [ExtendedConfig ASPM ClockPM MSI]
[    1.041511] acpi PNP0A03:00: fail to add MMCONFIG information, can't access extended PCI configuration space under this bridge.
[    1.051471] PCI host bridge to bus 0000:00
[    1.052743] pci_bus 0000:00: root bus resource [io  0x0000-0x0cf7 window]
[    1.054658] pci_bus 0000:00: root bus resource [io  0x0d00-0xffff window]
[    1.070321] pci_bus 0000:00: root bus resource [mem 0x000a0000-0x000bffff window]
[    1.073570] pci_bus 0000:00: root bus resource [mem 0x80000000-0xfdffffff window]
[    1.079984] pci_bus 0000:00: root bus resource [bus 00-ff]
[    1.084533] pci 0000:00:01.1: legacy IDE quirk: reg 0x10: [io  0x01f0-0x01f7]
[    1.089173] pci 0000:00:01.1: legacy IDE quirk: reg 0x14: [io  0x03f6]
[    1.091181] pci 0000:00:01.1: legacy IDE quirk: reg 0x18: [io  0x0170-0x0177]
[    1.093098] pci 0000:00:01.1: legacy IDE quirk: reg 0x1c: [io  0x0376]
[    1.136976] pci 0000:00:07.0: quirk: [io  0x4000-0x403f] claimed by PIIX4 ACPI
[    1.154443] pci 0000:00:07.0: quirk: [io  0x4100-0x410f] claimed by PIIX4 SMB
[    1.178359] ACPI: PCI Interrupt Link [LNKA] (IRQs 5 9 10 *11)
[    1.181312] ACPI: PCI Interrupt Link [LNKB] (IRQs 5 9 *10 11)
[    1.184399] ACPI: PCI Interrupt Link [LNKC] (IRQs 5 *9 10 11)
[    1.187489] ACPI: PCI Interrupt Link [LNKD] (IRQs 5 9 10 *11)
[    1.197062] ACPI: Enabled 2 GPEs in block 00 to 07
[    1.199076] vgaarb: setting as boot device: PCI:0000:00:02.0
[    1.200723] vgaarb: device added: PCI:0000:00:02.0,decodes=io+mem,owns=io+mem,locks=none
[    1.203739] vgaarb: loaded
[    1.205673] vgaarb: bridge control possible 0000:00:02.0
[    1.207810] SCSI subsystem initialized
[    1.209209] ACPI: bus type USB registered
[    1.210496] usbcore: registered new interface driver usbfs
[    1.212160] usbcore: registered new interface driver hub
[    1.213731] usbcore: registered new device driver usb
[    1.215779] PCI: Using ACPI for IRQ routing
[    1.218262] NetLabel: Initializing
[    1.219497] NetLabel:  domain hash size = 128
[    1.221563] NetLabel:  protocols = UNLABELED CIPSOv4
[    1.223345] NetLabel:  unlabeled traffic allowed by default
[    1.224842] amd_nb: Cannot enumerate AMD northbridges
[    1.226131] clocksource: Switched to clocksource kvm-clock
[    1.237712] AppArmor: AppArmor Filesystem Enabled
[    1.240044] pnp: PnP ACPI init
[    1.241847] pnp: PnP ACPI: found 3 devices
[    1.253581] clocksource: acpi_pm: mask: 0xffffff max_cycles: 0xffffff, max_idle_ns: 2085701024 ns
[    1.258867] NET: Registered protocol family 2
[    1.260575] TCP established hash table entries: 16384 (order: 5, 131072 bytes)
[    1.262846] TCP bind hash table entries: 16384 (order: 6, 262144 bytes)
[    1.264837] TCP: Hash tables configured (established 16384 bind 16384)
[    1.266790] UDP hash table entries: 1024 (order: 3, 32768 bytes)
[    1.268403] UDP-Lite hash table entries: 1024 (order: 3, 32768 bytes)
[    1.270869] NET: Registered protocol family 1
[    1.272171] pci 0000:00:00.0: Limiting direct PCI/PCI transfers
[    1.273548] pci 0000:00:01.0: Activating ISA DMA hang workarounds
[    1.275162] Unpacking initramfs...
[    1.609138] Freeing initrd memory: 15372K
[    1.610250] clocksource: tsc: mask: 0xffffffffffffffff max_cycles: 0x23fa772cf26, max_idle_ns: 440795269835 ns
[    1.612411] platform rtc_cmos: registered platform RTC device (no PNP device found)
[    1.614197] Scanning for low memory corruption every 60 seconds
[    1.615879] audit: initializing netlink subsys (disabled)
[    1.617113] audit: type=2000 audit(1562057063.608:1): initialized
[    1.618802] Initialise system trusted keyring
[    1.620003] HugeTLB registered 2 MB page size, pre-allocated 0 pages
[    1.622569] zbud: loaded
[    1.623776] VFS: Disk quotas dquot_6.6.0
[    1.624742] VFS: Dquot-cache hash table entries: 512 (order 0, 4096 bytes)
[    1.626355] squashfs: version 4.0 (2009/01/31) Phillip Lougher
[    1.627965] fuse init (API version 7.23)
[    1.629296] Key type big_key registered
[    1.630269] Allocating IMA MOK and blacklist keyrings.
[    1.632349] Key type asymmetric registered
[    1.633352] Asymmetric key parser 'x509' registered
[    1.634491] Block layer SCSI generic (bsg) driver version 0.4 loaded (major 249)
[    1.636259] io scheduler noop registered
[    1.637171] io scheduler deadline registered (default)
[    1.638343] io scheduler cfq registered
[    1.639378] pci_hotplug: PCI Hot Plug PCI Core version: 0.5
[    1.640565] pciehp: PCI Express Hot Plug Controller Driver version: 0.4
[    1.642045] ACPI: AC Adapter [AC] (off-line)
[    1.643134] input: Power Button as /devices/LNXSYSTM:00/LNXPWRBN:00/input/input0
[    1.645163] ACPI: Power Button [PWRF]
[    1.646293] input: Sleep Button as /devices/LNXSYSTM:00/LNXSLPBN:00/input/input1
[    1.648080] ACPI: Sleep Button [SLPF]
[    1.649248] GHES: HEST is not enabled!
[    1.650061] ACPI: Battery Slot [BAT0] (battery present)
[    1.651685] Serial: 8250/16550 driver, 32 ports, IRQ sharing enabled
[    1.675396] 00:02: ttyS0 at I/O 0x3f8 (irq = 4, base_baud = 115200) is a 16550A
[    1.679486] Linux agpgart interface v0.103
[    1.682239] loop: module loaded
[    1.683628] scsi host0: ata_piix
[    1.684610] scsi host1: ata_piix
[    1.685453] ata1: PATA max UDMA/33 cmd 0x1f0 ctl 0x3f6 bmdma 0xd000 irq 14
[    1.686865] ata2: PATA max UDMA/33 cmd 0x170 ctl 0x376 bmdma 0xd008 irq 15
[    1.688352] libphy: Fixed MDIO Bus: probed
[    1.696161] tun: Universal TUN/TAP device driver, 1.6
[    1.697430] tun: (C) 1999-2004 Max Krasnyansky <maxk@qualcomm.com>
[    1.698940] PPP generic driver version 2.4.2
[    1.700029] ehci_hcd: USB 2.0 'Enhanced' Host Controller (EHCI) Driver
[    1.701405] ehci-pci: EHCI PCI platform driver
[    1.702459] ehci-platform: EHCI generic platform driver
[    1.703658] ohci_hcd: USB 1.1 'Open' Host Controller (OHCI) Driver
[    1.705018] ohci-pci: OHCI PCI platform driver
[    1.706039] ohci-platform: OHCI generic platform driver
[    1.707233] uhci_hcd: USB Universal Host Controller Interface driver
[    1.708620] i8042: PNP: PS/2 Controller [PNP0303:PS2K,PNP0f03:PS2M] at 0x60,0x64 irq 1,12
[    1.710882] serio: i8042 KBD port at 0x60,0x64 irq 1
[    1.712085] serio: i8042 AUX port at 0x60,0x64 irq 12
[    1.713343] mousedev: PS/2 mouse device common for all mice
[    1.715000] input: AT Translated Set 2 keyboard as /devices/platform/i8042/serio0/input/input2
[    1.717316] rtc_cmos rtc_cmos: rtc core: registered rtc_cmos as rtc0
[    1.718784] rtc_cmos rtc_cmos: alarms up to one day, 114 bytes nvram
[    1.720104] i2c /dev entries driver
[    1.720972] device-mapper: uevent: version 1.0.3
[    1.722247] device-mapper: ioctl: 4.34.0-ioctl (2015-10-28) initialised: dm-devel@redhat.com
[    1.724297] ledtrig-cpu: registered to indicate activity on CPUs
[    1.726018] NET: Registered protocol family 10
[    1.727450] NET: Registered protocol family 17
[    1.728651] Key type dns_resolver registered
[    1.730446] registered taskstats version 1
[    1.731585] Loading compiled-in X.509 certificates
[    1.733336] Loaded X.509 cert 'Build time autogenerated kernel key: 65139e04a67245b562a838c28b5e7032abdd4348'
[    1.735783] zswap: loaded using pool lzo/zbud
[    1.739246] Key type trusted registered
[    1.747596] Key type encrypted registered
[    1.748699] AppArmor: AppArmor sha1 policy hashing enabled
[    1.749932] ima: No TPM chip found, activating TPM-bypass!
[    1.751234] ima: Allocated hash algorithm: sha1
[    1.752440] evm: HMAC attrs: 0x1
[    1.753800]   Magic number: 11:685:724
[    1.754925] block loop4: hash matches
[    1.755963] rtc_cmos rtc_cmos: setting system clock to 2019-07-02 08:44:17 UTC (1562057057)
[    1.758189] BIOS EDD facility v0.16 2004-Jun-25, 0 devices found
[    1.759677] EDD information not available.
[    1.844280] Freeing unused kernel memory: 1484K
[    1.845552] Write protecting the kernel read-only data: 14336k
[    1.847603] Freeing unused kernel memory: 1616K
[    1.856001] Freeing unused kernel memory: 68K
Loading, please wait...
starting version[    1.892298] random: systemd-udevd: uninitialized urandom read (16 bytes read, 3 bits of entropy available)
 229
[    1.893010] random: udevadm: uninitialized urandom read (16 bytes read, 3 bits of entropy available)
[    1.893032] random: udevadm: uninitialized urandom read (16 bytes read, 3 bits of entropy available)
[    1.916385] random: udevadm: uninitialized urandom read (16 bytes read, 3 bits of entropy available)
[    1.916456] random: udevadm: uninitialized urandom read (16 bytes read, 3 bits of entropy available)
[    1.916692] random: udevadm: uninitialized urandom read (16 bytes read, 3 bits of entropy available)
[    1.916766] random: udevadm: uninitialized urandom read (16 bytes read, 3 bits of entropy available)
[    1.916847] random: udevadm: uninitialized urandom read (16 bytes read, 3 bits of entropy available)
[    1.917176] random: udevadm: uninitialized urandom read (16 bytes read, 3 bits of entropy available)
[    1.917279] random: udevadm: uninitialized urandom read (16 bytes read, 3 bits of entropy available)
[    2.108987] e1000: Intel(R) PRO/1000 Network Driver - version 7.3.21-k8-NAPI
[    2.110860] e1000: Copyright (c) 1999-2006 Intel Corporation.
[    2.143795] Fusion MPT base driver 3.04.20
[    2.145127] Copyright (c) 1999-2008 LSI Corporation
[    2.186241] AVX2 version of gcm_enc/dec engaged.
[    2.187562] AES CTR mode by8 optimization enabled
[    2.215851] Fusion MPT SPI Host driver 3.04.20
[    2.399370] input: ImExPS/2 Generic Explorer Mouse as /devices/platform/i8042/serio1/input/input4
[    2.641509] e1000 0000:00:03.0 eth0: (PCI:33MHz:32-bit) 02:3a:f4:24:e2:72
[    2.650202] e1000 0000:00:03.0 eth0: Intel(R) PRO/1000 Network Connection
[    2.670205] mptbase: ioc0: Initiating bringup
[    3.154434] ioc0: LSI53C1030 A0: Capabilities={Initiator}
[    3.951148] scsi host2: ioc0: LSI53C1030 A0, FwRev=00000000h, Ports=1, MaxQ=256, IRQ=20
[    4.640455] scsi 2:0:0:0: Direct-Access     VBOX     HARDDISK         1.0  PQ: 0 ANSI: 5
[    4.649979] scsi target2:0:0: Beginning Domain Validation
[    4.652956] scsi target2:0:0: Domain Validation skipping write tests
[    4.654577] scsi target2:0:0: Ending Domain Validation
[    4.655967] scsi target2:0:0: asynchronous
[    4.658127] scsi 2:0:1:0: Direct-Access     VBOX     HARDDISK         1.0  PQ: 0 ANSI: 5
[    4.666644] scsi target2:0:1: Beginning Domain Validation
[    4.670545] scsi target2:0:1: Domain Validation skipping write tests
[    4.672093] scsi target2:0:1: Ending Domain Validation
[    4.675387] scsi target2:0:1: asynchronous
[    4.695127] sd 2:0:0:0: Attached scsi generic sg0 type 0
[    4.718112] sd 2:0:0:0: [sda] 20971520 512-byte logical blocks: (10.7 GB/10.0 GiB)
[    4.720502] sd 2:0:0:0: [sda] Write Protect is off
[    4.721908] sd 2:0:0:0: [sda] Incomplete mode parameter data
[    4.723428] sd 2:0:0:0: [sda] Assuming drive cache: write through
[    4.725074] sd 2:0:1:0: [sdb] 20480 512-byte logical blocks: (10.5 MB/10.0 MiB)
[    4.733022] sd 2:0:1:0: Attached scsi generic sg1 type 0
[    4.738369] sd 2:0:1:0: [sdb] Write Protect is off
[    4.741167] sd 2:0:1:0: [sdb] Incomplete mode parameter data
[    4.748385] sd 2:0:1:0: [sdb] Assuming drive cache: write through
[    4.750134]  sda: sda1
[    4.752195] sd 2:0:0:0: [sda] Attached SCSI disk
[    4.756639] sd 2:0:1:0: [sdb] Attached SCSI disk
[    5.036096] e1000 0000:00:08.0 eth1: (PCI:33MHz:32-bit) 08:00:27:e8:8d:ce
[    5.080855] e1000 0000:00:08.0 eth1: Intel(R) PRO/1000 Network Connection
[    5.083258] e1000 0000:00:03.0 enp0s3: renamed from eth0
[    5.098882] e1000 0000:00:08.0 enp0s8: renamed from eth1
Begin: Loading e[    6.555004] md: linear personality registered for level -1
ssential drivers ... [    6.590283] md: multipath personality registered for level -4
[    6.595194] md: raid0 personality registered for level 0
[    6.607547] md: raid1 personality registered for level 1
[    6.682200] raid6: sse2x1   gen()  6758 MB/s
[    6.750154] raid6: sse2x1   xor()  5749 MB/s
[    6.818446] raid6: sse2x2   gen()  8306 MB/s
[    6.886200] raid6: sse2x2   xor()  5504 MB/s
[    6.954191] raid6: sse2x4   gen()  9206 MB/s
[    7.022475] raid6: sse2x4   xor()  5122 MB/s
[    7.090951] raid6: avx2x1   gen()  6955 MB/s
[    7.166367] raid6: avx2x2   gen() 13136 MB/s
[    7.234195] raid6: avx2x4   gen() 17099 MB/s
[    7.235292] raid6: using algorithm avx2x4 gen() 17099 MB/s
[    7.236601] raid6: using avx2x2 recovery algorithm
[    7.239121] xor: automatically using best checksumming function:
[    7.278652]    avx       : 21541.000 MB/sec
[    7.281470] async_tx: api initialized (async)
[    7.294978] md: raid6 personality registered for level 6
[    7.298993] md: raid5 personality registered for level 5
[    7.304968] md: raid4 personality registered for level 4
[    7.316389] md: raid10 personality registered for level 10
done.
Begin: Running /scripts/init-premount ... done.
Begin: Mounting root file system ... Begin: Running /scripts/local-top ... done.
Begin: Running /scripts/local-premount ... [    7.358387] Btrfs loaded
Scanning for Btrfs filesystems
done.
Warning: fsck no[    7.428291] EXT4-fs (sda1): mounted filesystem with ordered data mode. Opts: (null)
t present, so skipping root file system
done.
Begin: Running /scripts/local-bottom ... done.
Begin: Running /scripts/init-bottom ... done.
[    7.639617] systemd[1]: systemd 229 running in system mode. (+PAM +AUDIT +SELINUX +IMA +APPMO +AC+SYSVIT +UTMP +LIBCRYPTSETUP +GCRYPT +GNUTLS +ACL +XZ -LZ4 +SECCOMP +BLKID +ELFUTILS +KMOD -IDN)

[    7.889378] systemd[1]: Detected virtualization oracle.
[    7.913813] systemd[1]: Detected architecture x86-64.

Welcome to [1mUbuntu 16.04.6 LTS[0m!

[    7.987056] systemd[1]: Set hostname to <docker>.
[    8.203968] systemd[1]: Listening on Device-mapper event daemon FIFOs.
[[0;32m  OK  [0m] Listening on Device-mapper event daemon FIFOs.
[    8.617118] systemd[1]: Listening on Journal Socket (/dev/log).
[[0;32m  OK  [0m] Listening on Journal Socket (/dev/log).
[    8.620366] systemd[1]: Listening on udev Control Socket.
[[0;32m  OK  [0m] Listening on udev Control Socket.
[    8.623658] systemd[1]: Set up automount Arbitrary Executable File Formats File System Automount Point.
[[0;32m  OK  [0m] Set up automount Arbitrary Executab...ats File System Automount Point.
[    8.628677] systemd[1]: Created slice User and Session Slice.
[[0;32m  OK  [0m] Created slice User and Session Slice.
[    8.632014] systemd[1]: Started Trigger resolvconf update for networkd DNS.
[[0;32m  OK  [0m] Started Trigger resolvconf update for networkd DNS.
[    8.635654] systemd[1]: Listening on Journal Socket.
[[0;32m  OK  [0m] Listening on Journal Socket.
[    8.638561] systemd[1]: Listening on Syslog Socket.
[[0;32m  OK  [0m] Listening on Syslog Socket.
[    8.641643] systemd[1]: Listening on /dev/initctl Compatibility Named Pipe.
[[0;32m  OK  [0m] Listening on /dev/initctl Compatibility Named Pipe.
[    8.645179] systemd[1]: Listening on udev Kernel Socket.
[[0;32m  OK  [0m] Listening on udev Kernel Socket.
[    8.648144] systemd[1]: Reached target Encrypted Volumes.
[[0;32m  OK  [0m] Reached target Encrypted Volumes.
[    8.651072] systemd[1]: Reached target System Time Synchronized.
[[0;32m  OK  [0m] Reached target System Time Synchronized.
[    8.654230] systemd[1]: Started Forward Password Requests to Wall Directory Watch.
[[0;32m  OK  [0m] Started Forward Password Requests to Wall Directory Watch.
[    8.658571] systemd[1]: Reached target Swap.
[[0;32m  OK  [0m] Reached target Swap.
[    8.661176] systemd[1]: Listening on LVM2 poll daemon socket.
[[0;32m  OK  [0m] Listening on LVM2 poll daemon socket.
[    8.664371] systemd[1]: Reached target User and Group Name Lookups.
[[0;32m  OK  [0m] Reached target User and Group Name Lookups.
[    8.668054] systemd[1]: Listening on Journal Audit Socket.
[[0;32m  OK  [0m] Listening on Journal Audit Socket.
[    8.671533] systemd[1]: Created slice System Slice.
[[0;32m  OK  [0m] Created slice System Slice.
[    8.686797] systemd[1]: Starting Uncomplicated firewall...
         Starting Uncomplicated firewall...
[    8.696875] systemd[1]: Mounting Huge Pages File System...
         Mounting Huge Pages File System...
[    8.734500] systemd[1]: Mounting POSIX Message Queue File System...
         Mounting POSIX Message Queue File System...
[    8.738749] systemd[1]: Starting Journal Service...
         Starting Journal Service...
[    8.743818] systemd[1]: Starting Create list of required static device nodes for the current kernel...
         Starting Create list of required st... nodes for the current kernel...
[    8.756345] systemd[1]: Starting Nameserver information manager...
         Starting Nameserver information manager...
[    8.762452] systemd[1]: Starting Set console keymap...
         Starting Set console keymap...
[    8.771536] random: nonblocking pool is initialized
[    8.780063] systemd[1]: Created slice system-serial\x2dgetty.slice.
[[0;32m  OK  [0m] Created slice system-serial\x2dgetty.slice.
[    8.802574] systemd[1]: Starting Load Kernel Modules...
         Starting Load Kernel Modules...
[    8.822892] systemd[1]: Starting Remount Root and Kernel File Systems...
[    8.837396] Loading iSCSI transport class v2.0-870.
         Starting Remount Root and Kernel File Systems...
[    8.857882] systemd[1]: Mounting Debug File System...
[    8.866554] EXT4-fs (sda1): re-mounted. Opts: (null)
         Mounting Debug File System...[    8.878667] iscsi: registered transport (tcp)

[    8.880133] systemd[1]: Reached target Slices.
[[0;32m  OK  [0m] Reached target Slices.
[    8.884161] systemd[1]: Listening on LVM2 metadata daemon socket.
[[0;32m  OK  [0m] Listening on LVM2 metadata daemon socket.
[    8.898393] systemd[1]: Starting Monitoring of LVM2 mirrors, snapshots etc. using dmeventd or progress polling...
         Starting Monitoring of LVM2 mirrors... dmeventd or progress polling...
[    8.935209] iscsi: registered transport (iser)
[    8.943579] systemd[1]: Mounted POSIX Message Queue File System.
[[0;32m  OK  [0m] Mounted POSIX Message Queue File System.
[    8.948362] systemd[1]: Mounted Debug File System.
[[0;32m  OK  [0m] Mounted Debug File System.
[    8.952122] systemd[1]: Mounted Huge Pages File System.
[[0;32m  OK  [0m] Mounted Huge Pages File System.
[    8.955075] systemd[1]: Started Journal Service.
[[0;32m  OK  [0m] Started Journal Service.
[[0;32m  OK  [0m] Started Uncomplicated firewall.
[[0;32m  OK  [0m] Started Create list of required sta...ce nodes for the current kernel.
[[0;32m  OK  [0m] Started Set console keymap.
[[0;32m  OK  [0m] Started Load Kernel Modules.
[[0;32m  OK  [0m] Started Remount Root and Kernel File Systems.
[[0;32m  OK  [0m] Started Nameserver information manager.
[[0;32m  OK  [0m] Started LVM2 metadata daemon.
         Starting udev Coldplug all Devices...
         Starting Load/Save Random Seed...
         Starting Apply Kernel Variables...
         Mounting FUSE Control File System...
         Starting Create Static Device Nodes in /dev...
         Starting Flush Journal to Persistent Storage...
[[0;32m  OK  [0m] Mounted FUSE Control File System.
[[0;32m  OK  [0m] Started Load/Save Random Seed.
[[0;32m  OK  [0m] Started Apply Kernel Variables.
[[0;32m  OK  [0m] Started Create Static Device Nodes in /dev.
[[0;32m  OK  [0m] Started udev Coldplug all Devices.
[[0;32m  OK  [0m] Started Flush Journal to Persistent Storage.
         Starting udev Kernel Device Manager...
[[0;32m  OK  [0m] Started udev Kernel Device Manager.
[[0;32m  OK  [0m] Started Dispatch Password Requests to Console Directory Watch.
[[0;32m  OK  [0m] Found device /dev/ttyS0.
[[0;32m  OK  [0m] Started Monitoring of LVM2 mirrors,...ng dmeventd or progress polling.
[[0;32m  OK  [0m] Reached target Local File Systems (Pre).
[[0;32m  OK  [0m] Reached target Local File Systems.
         Starting Create Volatile Files and Directories...
         Starting Set console font and keymap...
         Starting LSB: AppArmor initialization...
         Starting Tell Plymouth To Write Out Runtime Data...
         Starting Initial cloud-init job (pre-networking)...
[[0;32m  OK  [0m] Started Create Volatile Files and Directories.
[[0;32m  OK  [0m] Started Tell Plymouth To Write Out Runtime Data.
[[0;32m  OK  [0m] Listening on Load/Save RF Kill Switch Status /dev/rfkill Watch.
         Starting Update UTMP about System Boot/Shutdown...
[[0;32m  OK  [0m] Started LSB: AppArmor initialization.
[[0;32m  OK  [0m] Found device 82540EM Gigabit Ethern...r (PRO/1000 MT Desktop Adapter).
[[0;32m  OK  [0m] Found device 82540EM Gigabit Ethern...r (PRO/1000 MT Desktop Adapter).
[[0;32m  OK  [0m] Started Update UTMP about System Boot/Shutdown.
[[0;32m  OK  [0m] Started Set console font and keymap.
[[0;32m  OK  [0m] Created slice system-getty.slice.
[   10.656763] cloud-init[519]: Cloud-init v. 18.5-45-g3554ffe8-0ubuntu1~16.04.1 running 'init-local' at Tue, 02 Jul 2019 08:44:26 +0000. Up 10.37 seconds.
[[0;32m  OK  [0m] Started Initial cloud-init job (pre-networking).
[[0;32m  OK  [0m] Reached target Network (Pre).
[[0;32m  OK  [0m] Started ifup for enp0s3.
         Starting Raise network interfaces...
[[0;32m  OK  [0m] Started ifup for enp0s8.
[[0;32m  OK  [0m] Started Raise network interfaces.
         Starting Initial cloud-init job (metadata service crawler)...
[[0;32m  OK  [0m] Reached target Network.
[   11.629802] cloud-init[1068]: Cloud-init v. 18.5-45-g3554ffe8-0ubuntu1~16.04.1 running 'init' at Tue, 02 Jul 2019 08:44:27 +0000. Up 11.29 seconds.
[   11.633746] cloud-init[1068]: ci-info: ++++++++++++++++++++++++++++++++++++++Net device info+++++++++++++++++++++++++++++++++++++++
[   11.637089] cloud-init[1068]: ci-info: +--------+------+-----------------------------+---------------+--------+-------------------+
[   11.655371] cloud-init[1068]: ci-info: | Device |  Up  |           Address           |      Mask     | Scope  |     Hw-Address    |
[   11.658734] cloud-init[1068]: ci-info: +--------+------+-----------------------------+---------------+--------+-------------------+
[   11.662146] cloud-init[1068]: ci-info: | enp0s3 | True |          10.0.2.15          | 255.255.255.0 | global | 02:3a:f4:24:e2:72 |
[   11.665571] cloud-init[1068]: ci-info: | enp0s3 | True |  fe80::3a:f4ff:fe24:e272/64 |       .       |  link  | 02:3a:f4:24:e2:72 |
[   11.669046] cloud-init[1068]: ci-info: | enp0s8 | True |        192.168.60.101       | 255.255.255.0 | global | 08:00:27:e8:8d:ce |
[   11.673573] cloud-init[1068]: ci-info: | enp0s8 | True | fe80::a00:27ff:fee8:8dce/64 |       .       |  link  | 08:00:27:e8:8d:ce |
[   11.677027] cloud-init[1068]: ci-info: |   lo   | True |          127.0.0.1          |   255.0.0.0   |  host  |         .         |
[   11.721304] [[0;32m  OK  [0m] Started Initial cloud-init job (metadata service crawler).
cloud-init[1068]: ci-info: |   lo   | True |           ::1/128           |       .       |  host  |         .         |
[   11.754873] [[0;32m  OK  [0m] Reached target System Initialization.
         Starting Docker Socket for the API.
[[0;32m  OK  [0m] Listening on D-Bus System Message Bus Socket.
[[0;32m  OK  [0m] Listening on UUID daemon activation socket.
cloud-init[1068]: ci-info: +--------+------+-----------------------------+---------------+--------+-------------------+[
[0;32m  OK  [0m] Started ACPI Events Check.
[[0;32m  OK  [0m] Reached target Paths.
         Starting Socket activation for snappy daemon.
[[0;32m  OK  [0m] Started Daily Cleanup of Temporary Directories.
[   11.763957] cloud-init[1068]: ci-info: ++++++++++++++++++++++++++++Route IPv4 info++++++++++++++++++++++++++++
[   11.778931] [[0;32m  OK  [0m] Started Daily apt download activities.
[[0;32m  OK  [0m] Started Daily apt upgrade and clean activities.
[[0;32m  OK  [0m] Reached target Timers.
cloud-init[1068]: ci-info: +-------+--------------+----------+---------------+-----------+-------+
[   11.805373]          cloud-initStarting LXD - unix socket.[1068]: 
ci-info: | Route | Destination  | Gateway  |    Genmask    | Interface | Flags |
[   11.822609] [[0;32m  OK  [0m] Listening on ACPID Listen Socket.
[[0;32m  OK  [0m] Reached target Network is Online.
cloud-init[1068]: ci-info: +-------+--------------+----------+---------------+-----------+-------+
[   11.827344] cloud-init[1068]: ci-info: |   0   |   0.0.0.0    | 10.0.2.2 |    0.0.0.0    |   enp0s3  |   UG  |
[   11.829765] cloud-init[1068]: ci-info: |   1   |   10.0.2.0   | 0.0.0.0  | 255.255.255.0 |   enp0s3  |   U   |
[   11.832036] cloud-init[1068]: ci-info: |   2   | 192.168.60.0 | 0.0.0.0  | 255.255.255.0 |   enp0s8  |   U   |
[   11.834354] cloud-init[1068]: ci-info: +-------+--------------+----------+---------------+-----------+-------+
[   11.836660] cloud-init[1068]: ci-info: +++++++++++++++++++Route IPv6 info+++++++++++++++++++
[   11.839070] cloud-init[1068]:          Starting iSCSI initiator daemon (iscsid)...
[[0;32m  OK  [0m] Reached target Cloud-config availability.
ci-info: +-------+-------------+---------+-----------+-------+
[   11.873611] cloud-init[1068]: ci-info: | Route | Destination | Gateway | Interface | Flags |
[   11.875573] cloud-init[1068]: ci-info: +-------+-------------+---------+-----------+-------+
[   11.880542] cloud-init[1068]: ci-info: |   0   |  fe80::/64  |    ::   |   enp0s8  |   U   |
[   11.882606] cloud-init[1068]: ci-info: |   1   |  fe80::/64  |    ::   |   enp0s3  |   U   |
[[0;32m  OK  [0m] Listening on Docker Socket for the API.
[   11.886816] cloud-init[1068]: ci-info: |   4   |   ff00::/8  |    ::   |   enp0s8  |   U   |
[   11.888239] cloud-init[1068]: ci-info: |   5   |   ff00::/8  |    ::   |   enp0s3  |   U   |
[   11.888401] cloud-init[1068]: ci-info: +-------+-------------+---------+-----------+-------+
[[0;32m  OK  [0m] Listening on Socket activation for snappy daemon.
[[0;32m  OK  [0m] Listening on LXD - unix socket.
[[0;32m  OK  [0m] Reached target Sockets.
[[0;32m  OK  [0m] Reached target Basic System.
[[0;32m  OK  [0m] Started D-Bus System Message Bus.
         Starting Virtualbox guest utils...
         Starting containerd container runtime...
[[0;32m  OK  [0m] Started FUSE filesystem for LXC.
         Starting Snappy daemon...
         Starting LSB: Record successful boot for GRUB...
         Starting /etc/rc.local Compatibility...
[[0;32m  OK  [0m] Started Unattended Upgrades Shutdown.
[[0;32m  OK  [0m] Started ACPI event daemon.
         Starting LXD - container startup/shutdown...
         Starting Login Service...
[[0;32m  OK  [0m] Started Deferred execution scheduler.
         Starting System Logging Service...
         Starting LSB: MD monitoring daemon...
         Starting OpenBSD Secure Shell server...
[[0;32m  OK  [0m] Started Regular background program processing daemon.
         Starting Accounts Service...
[[0;32m  OK  [0m] Started System Logging Service.
[[0;32m  OK  [0m] Started iSCSI initiator daemon (iscsid).
[[0;32m  OK  [0m] Started containerd container runtime.
[[0;32m  OK  [0m] Started /etc/rc.local Compatibility.
[[0;32m  OK  [0m] Started LSB: Record successful boot for GRUB.
         Starting Docker Application Container Engine...
         Starting Login to default iSCSI targets...
[[0;32m  OK  [0m] Started Login Service.
[[0;32m  OK  [0m] Started LSB: MD monitoring daemon.
[[0;32m  OK  [0m] Started OpenBSD Secure Shell server.
[[0;32m  OK  [0m] Started LXD - container startup/shutdown.
[[0;32m  OK  [0m] Started Virtualbox guest utils.
[[0;32m  OK  [0m] Started Snappy daemon.
         Starting Wait until snapd is fully seeded...
         Starting Authenticate and Authorize Users to Run Privileged Tasks...
[[0;32m  OK  [0m] Started Login to default iSCSI targets.
[[0;32m  OK  [0m] Started Wait until snapd is fully seeded.
[[0;32m  OK  [0m] Started Authenticate and Authorize Users to Run Privileged Tasks.
[[0;32m  OK  [0m] Started Accounts Service.
         Starting Apply the settings specified in cloud-config...
[[0;32m  OK  [0m] Reached target Remote File Systems (Pre).
[[0;32m  OK  [0m] Reached target Remote File Systems.
         Starting LSB: daemon to balance interrupts for SMP systems...
         Starting LSB: automatic crash report generation...
         Starting LSB: Set the CPU Frequency Scaling governor to "ondemand"...
         Starting LSB: Set up cgroupfs mounts....
         Starting Permit User Sessions...
[[0;32m  OK  [0m] Started LSB: Set up cgroupfs mounts..
[[0;32m  OK  [0m] Started Permit User Sessions.
         Starting Hold until boot process finishes up...
         Starting Terminate Plymouth Boot Screen...
[[0;32m  OK  [0m] Started LSB: daemon to balance interrupts for SMP systems.
[[0;32m  OK  [0m] Started LSB: automatic crash report generation.
[[0;32m  OK  [0m] Started LSB: Set the CPU Frequency Scaling governor to "ondemand".
[[0;32m  OK  [0m] Started Hold until boot process finishes up.
[[0;32m  OK  [0m] Started Terminate Plymouth Boot Screen.
[[0;32m  OK  [0m] Started Serial Getty on ttyS0.
         Starting Set console scheme...
[[0;32m  OK  [0m] Started Getty on tty1.
[[0;32m  OK  [0m] Reached target Login Prompts.
[[0;32m  OK  [0m] Started Set console scheme.
[   13.573289] cloud-init[1275]: Cloud-init v. 18.5-45-g3554ffe8-0ubuntu1~16.04.1 running 'modules:config' at Tue, 02 Jul 2019 08:44:29 +0000. Up 13.36 seconds.
[[0;32m  OK  [0m] Started Apply the settings specified in cloud-config.
[[0;32m  OK  [0m] Started Docker Application Container Engine.
[[0;32m  OK  [0m] Reached target Multi-User System.
         Starting Execute cloud user/final scripts...
[[0;32m  OK  [0m] Reached target Graphical Interface.
         Starting Update UTMP about System Runlevel Changes...
[[0;32m  OK  [0m] Started Update UTMP about System Runlevel Changes.
[   14.669545] cloud-init[1529]: Cloud-init v. 18.5-45-g3554ffe8-0ubuntu1~16.04.1 running 'modules:final' at Tue, 02 Jul 2019 08:44:31 +0000. Up 14.54 seconds.
[   14.673347] cloud-init[1529]: Cloud-init v. 18.5-45-g3554ffe8-0ubuntu1~16.04.1 finished at Tue, 02 Jul 2019 08:44:31 +0000. Datasource DataSourceNoCloud [seed=/dev/sdb][dsmode=net].  Up 14.66 seconds
[[0;32m  OK  [0m] Started Execute cloud user/final scripts.
[[0;32m  OK  [0m] Reached target Cloud-init target.

Ubuntu 16.04.6 LTS docker ttyS0

docker login:          Stopping ACPI event daemon...
         Stopping Session 4 of user vagrant.
[[0;32m  OK  [0m] Stopped target Graphical Interface.
         Stopping Accounts Service...
         Stopping User Manager for UID 1000...
[[0;32m  OK  [0m] Closed Load/Save RF Kill Switch Status /dev/rfkill Watch.
[[0;32m  OK  [0m] Stopped target Cloud-init target.
[[0;32m  OK  [0m] Stopped Execute cloud user/final scripts.
         Stopping Authenticate and Authorize Users to Run Privileged Tasks...
[[0;32m  OK  [0m] Stopped Apply the settings specified in cloud-config.
[[0;32m  OK  [0m] Stopped target Cloud-config availability.
[[0;32m  OK  [0m] Stopped target Multi-User System.
         Stopping LSB: daemon to balance interrupts for SMP systems...
         Stopping Deferred execution sche         Stopping Unattended Upgrades Shutdown...
         Stopping Docker Application Container Engine...
         Stopping LSB: MD monitoring daemon...
         Stopping LSB: Set up cgroupfs mounts....
         Stopping FUSE filesystem for LXC...
[[0;32m  OK  [0m] Stopped Wait until snapd is fully seeded.
         Stopping Regular background program processing daemon...
         Stopping D-Bus System Message Bus...
         Stopping System Logging Service...
         Stopping Virtualbox guest utils...
         Stopping LXD - container startup/shutdown...
[[0;32m  OK  [0m] Stopped target Timers.
[[0;32m  OK  [0m] Stopped Daily Cleanup of Temporary Directories.
[[0;32m  OK  [0m] Stopped Daily apt upgrade and clean activities.
[[0;32m  OK  [0m] Stopped Daily apt download activities.
[[0;32m  OK  [0m] Stopped target System Time Synchronized.
[[0;32m  OK  [0m] Unmounted /var/lib/lxcfs.
[[0;32m  OK  [0m] Stopped ACPI event daemon.
[[0;32m  OK  [0m] Stopped Deferred execution scheduler.
[[0;32m  OK  [0m] Stopped System Logging Service.
[[0;32m  OK  [0m] Stopped Regular background program processing daemon.
[[0;32m  OK  [0m] Stopped Accounts Service.
[[0;32m  OK  [0m] Stopped Docker Application Container Engine.
[[0;32m  OK  [0m] Stopped OpenBSD Secure Shell server.
[[0;32m  OK  [0m] Stopped Authenticate and Authorize Users to Run Privileged Tasks.
[[0;32m  OK  [0m] Stopped Serial Getty on ttyS0.
[[0;32m  OK  [0m] Stopped Getty on tty1.
[[0;32m  OK  [0m] Stopped User Manager for UID 1000.
[[0;32m  OK  [0m] Stopped Session 4 of user vagrant.
[[0;32m  OK  [0m] Stopped Unattended Upgrades Shutdown.
[[0;32m  OK  [0m] Stopped LSB: Set up cgroupfs mounts..
[[0;32m  OK  [0m] Stopped D-Bus System Message Bus.
[[0;32m  OK  [0m] Stopped FUSE filesystem for LXC.
[[0;32m  OK  [0m] Stopped LSB: daemon to balance interrupts for SMP systems.
[[0;32m  OK  [0m] Stopped LSB: Set the CPU Frequency Scaling governor to "ondemand".
[[0;32m  OK  [0m] Stopped LSB: automatic crash report generation.
[[0;32m  OK  [0m] Stopped LSB: MD monitoring daemon.
[[0;32m  OK  [0m] Stopped LSB: Record successful boot for GRUB.
[[0;32m  OK  [0m] Stopped LXD - container startup/shutdown.
[[0;32m  OK  [0m] Stopped Virtualbox guest utils.
[[0;32m  OK  [0m] Removed slice User Slice of vagrant.
         Stopping Login Service...
[[0;32m  OK  [0m] Removed slice system-getty.slice.
         Stopping Permit User Sessions...
[[0;32m  OK  [0m] Removed slice system-serial\x2dgetty.slice.
[[0;32m  OK  [0m] Stopped /etc/rc.local Compatibility.
         Stopping containerd container runtime...
[[0;32m  OK  [0m] Stopped Login Service.
[[0;32m  OK  [0m] Stopped containerd container runtime.
[[0;32m  OK  [0m] Stopped Permit User Sessions.
[[0;32m  OK  [0m] Stopped target Remote File Systems.
[[0;32m  OK  [0m] Stopped target Remote File Systems (Pre).
         Stopping Login to default iSCSI targets...
[[0;32m  OK  [0m] Stopped target Basic System.
[[0;32m  OK  [0m] Stopped target Sockets.
[[0;32m  OK  [0m] Closed Docker Socket for the API.
[[0;32m  OK  [0m] Closed Syslog Socket.
[[0;32m  OK  [0m] Closed Socket activation for snappy daemon.
[[0;32m  OK  [0m] Closed UUID daemon activation socket.
[[0;32m  OK  [0m] Closed LXD - unix socket.
[[0;32m  OK  [0m] Closed ACPID Listen Socket.
[[0;32m  OK  [0m] Stopped target Slices.
[[0;32m  OK  [0m] Stopped target Paths.
[[0;32m  OK  [0m] Stopped ACPI Events Check.
[[0;32m  OK  [0m] Stopped Forward Password Requests to Wall Directory Watch.
[[0;32m  OK  [0m] Stopped Dispatch Password Requests to Console Directory Watch.
[[0;32m  OK  [0m] Stopped target User and Group Name Lookups.
[[0;32m  OK  [0m] Closed D-Bus System Message Bus Socket.
[[0;32m  OK  [0m] Stopped target System Initialization.
         Stopping Load/Save Random Seed...
[[0;32m  OK  [0m] Stopped target Encrypted Volumes.
         Stopping Update UTMP about System Boot/Shutdown...
[[0;32m  OK  [0m] Stopped target Swap.
[[0;32m  OK  [0m] Removed slice User and Session Slice.
[[0;32m  OK  [0m] Stopped Load/Save Random Seed.
[[0;32m  OK  [0m] Stopped Update UTMP about System Boot/Shutdown.
[[0;32m  OK  [0m] Stopped Login to default iSCSI targets.
         Stopping iSCSI initiator daemon (iscsid)...
[[0;32m  OK  [0m] Stopped Create Volatile Files and Directories.
[[0;32m  OK  [0m] Stopped iSCSI initiator daemon (iscsid).
[[0;32m  OK  [0m] Stopped target Network is Online.
[[0;32m  OK  [0m] Stopped Initial cloud-init job (metadata service crawler).
[[0;32m  OK  [0m] Stopped target Network.
         Stopping Raise network interfaces...
[[0;32m  OK  [0m] Stopped Raise network interfaces.
[[0;32m  OK  [0m] Stopped target Local File Systems.
         Unmounting /run/user/1000...
         Unmounting /home/vagrant/shared_folder...
         Unmounting /vagrant...
[[0;32m  OK  [0m] Stopped Apply Kernel Variables.
[[0;32m  OK  [0m] Stopped target Network (Pre).
[[0;32m  OK  [0m] Stopped Initial cloud-init job (pre-networking).
[[0;32m  OK  [0m] Stopped Load Kernel Modules.
[[0;32m  OK  [0m] Unmounted /run/user/1000.
[[0;32m  OK  [0m] Unmounted /home/vagrant/shared_folder.
[[0;32m  OK  [0m] Unmounted /vagrant.
[[0;32m  OK  [0m] Reached target Unmount All Filesystems.
[[0;32m  OK  [0m] Stopped target Local File Systems (Pre).
[[0;32m  OK  [0m] Stopped Remount Root and Kernel File Systems.
         Stopping Monitoring of LVM2 mirrors... dmeventd or progress polling...
[[0;32m  OK  [0m] Stopped Create Static Device Nodes in /dev.
[[0;32m  OK  [0m] Reached target Shutdown.
[ 55.7130] reboot: Power down
